DEBUG 2014-02-10 22:20:23.405 [main] Reading cred.path: default: "", current: "/home/nathan/.config/UMS/UMS.cred"
DEBUG 2014-02-10 22:20:23.575 [main] Reading run_wizard: default: true, current: false
INFO  2014-02-10 22:20:23.575 [main] Starting Universal Media Server 3.4.0
INFO  2014-02-10 22:20:23.577 [main] Based on PS3 Media Server by shagrath, copyright 2008-2014
INFO  2014-02-10 22:20:23.577 [main] http://www.universalmediaserver.com
INFO  2014-02-10 22:20:23.578 [main] 
INFO  2014-02-10 22:20:23.578 [main] Build: e269f4003 (2014-02-06)
INFO  2014-02-10 22:20:23.581 [main] Java: OpenJDK 64-Bit Server VM 1.7.0_51 64-bit by Oracle Corporation
INFO  2014-02-10 22:20:23.581 [main] OS: Linux 64-bit 3.12.9-2-ARCH
INFO  2014-02-10 22:20:23.582 [main] Encoding: UTF-8
INFO  2014-02-10 22:20:23.730 [main] Memory: 683 MB
INFO  2014-02-10 22:20:23.735 [main] Language: en
INFO  2014-02-10 22:20:23.740 [main] 
INFO  2014-02-10 22:20:23.742 [main] Working directory: /home/nathan/Documents/ums-3.4.0
INFO  2014-02-10 22:20:23.745 [main] Temp directory: /tmp/universalmediaserver
INFO  2014-02-10 22:20:23.750 [main] Logging config file: /home/nathan/Documents/ums-3.4.0/logback.xml
INFO  2014-02-10 22:20:23.753 [main] debug.log: /home/nathan/.config/UMS/debug.log
INFO  2014-02-10 22:20:23.762 [main] 
INFO  2014-02-10 22:20:23.762 [main] Profile directory: /home/nathan/.config/UMS
INFO  2014-02-10 22:20:23.764 [main] Profile directory permissions: rw
INFO  2014-02-10 22:20:23.764 [main] Profile path: /home/nathan/.config/UMS/UMS.conf
INFO  2014-02-10 22:20:23.765 [main] Profile permissions: rw
INFO  2014-02-10 22:20:23.765 [main] Profile name: arch
INFO  2014-02-10 22:20:23.766 [main] 
INFO  2014-02-10 22:20:23.766 [main] Web conf path: /home/nathan/.config/UMS/WEB.conf
INFO  2014-02-10 22:20:23.767 [main] Web conf permissions: file not found
INFO  2014-02-10 22:20:23.767 [main] 
DEBUG 2014-02-10 22:20:25.863 [main] Reading hide_advanced_options: default: true, current: false
DEBUG 2014-02-10 22:20:25.933 [main] Reading network_interface: default: "", current: "wlp8s0"
DEBUG 2014-02-10 22:20:25.940 [main] Reading maximum_bitrate: default: "110", current: "50"
DEBUG 2014-02-10 22:20:27.006 [main] Reading hide_transcode_folder: default: false, current: true
DEBUG 2014-02-10 22:20:27.052 [main] Reading hide_new_media_folder: default: false, current: true
DEBUG 2014-02-10 22:20:27.054 [main] Reading hide_recently_played_folder: default: false, current: true
DEBUG 2014-02-10 22:20:27.111 [main] Reading folders: default: "", current: "/home/nathan/Videos"
INFO  2014-02-10 22:20:27.112 [main] Checking shared folder: /home/nathan/Videos
DEBUG 2014-02-10 22:20:27.225 [main] Reading mencoder_remux_mpeg2: default: true, current: false
DEBUG 2014-02-10 22:20:27.228 [main] Reading mpeg2_main_settings: default: "Automatic (Wired)", current: "Automatic (Wireless)"
DEBUG 2014-02-10 22:20:27.288 [main] Reading audio_channels: default: 6, current: 2
INFO  2014-02-10 22:20:30.153 [main] Loading MediaInfo library
INFO  2014-02-10 22:20:30.386 [main] Loaded MediaInfoLib - v0.7.65
INFO  2014-02-10 22:20:30.433 [main] Loading renderer configurations from /home/nathan/Documents/ums-3.4.0/renderers
INFO  2014-02-10 22:20:30.469 [main] Loaded configuration for renderer: AirPlayer
INFO  2014-02-10 22:20:30.476 [main] Loaded configuration for renderer: Android
INFO  2014-02-10 22:20:30.495 [main] Loaded configuration for renderer: KalemSoft Media Player
INFO  2014-02-10 22:20:30.504 [main] Loaded configuration for renderer: Sony Bravia 4500
INFO  2014-02-10 22:20:30.524 [main] Loaded configuration for renderer: Sony Bravia 5500
INFO  2014-02-10 22:20:30.544 [main] Loaded configuration for renderer: Sony Bravia EX
INFO  2014-02-10 22:20:30.562 [main] Loaded configuration for renderer: Sony Bravia EX620
INFO  2014-02-10 22:20:30.579 [main] Loaded configuration for renderer: Sony Bravia HX
INFO  2014-02-10 22:20:30.596 [main] Loaded configuration for renderer: Sony Bravia W6/W8/W9
INFO  2014-02-10 22:20:30.603 [main] Loaded configuration for renderer: D-Link DSM-510
INFO  2014-02-10 22:20:30.609 [main] Loaded configuration for renderer: DirecTV HR
INFO  2014-02-10 22:20:30.619 [main] Loaded configuration for renderer: Freebox HD
INFO  2014-02-10 22:20:30.632 [main] Loaded configuration for renderer: Freecom MusicPal
INFO  2014-02-10 22:20:30.640 [main] Loaded configuration for renderer: Pioneer Kuro
INFO  2014-02-10 22:20:30.648 [main] Loaded configuration for renderer: LG 42LA644V
INFO  2014-02-10 22:20:30.657 [main] Loaded configuration for renderer: LG Smart TV Upgrader
INFO  2014-02-10 22:20:30.668 [main] Loaded configuration for renderer: Nokia N900
INFO  2014-02-10 22:20:30.676 [main] Loaded configuration for renderer: Netgear NeoTV
INFO  2014-02-10 22:20:30.684 [main] Loaded configuration for renderer: OPPO BDP-83
INFO  2014-02-10 22:20:30.690 [main] Loaded configuration for renderer: OPPO BDP-93
INFO  2014-02-10 22:20:30.697 [main] Loaded configuration for renderer: Onkyo TX-NR717
INFO  2014-02-10 22:20:30.717 [main] Loaded configuration for renderer: PlayStation 3
INFO  2014-02-10 22:20:30.728 [main] Loaded configuration for renderer: Panasonic TV
INFO  2014-02-10 22:20:30.734 [main] Loaded configuration for renderer: Panasonic TX-L32V10E
INFO  2014-02-10 22:20:30.744 [main] Loaded configuration for renderer: Philips Aurea
INFO  2014-02-10 22:20:30.758 [main] Loaded configuration for renderer: Philips TV
INFO  2014-02-10 22:20:30.763 [main] Loaded configuration for renderer: Popcorn Hour
INFO  2014-02-10 22:20:30.771 [main] Loaded configuration for renderer: Realtek
INFO  2014-02-10 22:20:30.780 [main] Loaded configuration for renderer: Sony SMP-N100
INFO  2014-02-10 22:20:30.800 [main] Loaded configuration for renderer: Samsung SMT-G7400
INFO  2014-02-10 22:20:30.804 [main] Loaded configuration for renderer: Samsung D7000
INFO  2014-02-10 22:20:30.815 [main] Loaded configuration for renderer: Samsung AllShare
INFO  2014-02-10 22:20:30.824 [main] Loaded configuration for renderer: Samsung Mobile
INFO  2014-02-10 22:20:30.830 [main] Loaded configuration for renderer: Samsung WiseLink
INFO  2014-02-10 22:20:30.839 [main] Loaded configuration for renderer: Sharp Aquos
INFO  2014-02-10 22:20:30.854 [main] Loaded configuration for renderer: Showtime 3
INFO  2014-02-10 22:20:30.865 [main] Loaded configuration for renderer: Showtime 4
INFO  2014-02-10 22:20:30.876 [main] Loaded configuration for renderer: Sony Blu-ray
INFO  2014-02-10 22:20:30.893 [main] Loaded configuration for renderer: Sony Home Theatre System
INFO  2014-02-10 22:20:30.904 [main] Loaded configuration for renderer: Sony STR-DA5800ES
INFO  2014-02-10 22:20:30.911 [main] Loaded configuration for renderer: Streamium
INFO  2014-02-10 22:20:30.921 [main] Loaded configuration for renderer: Telstra T-Box
INFO  2014-02-10 22:20:30.928 [main] Loaded configuration for renderer: VideoWeb TV
INFO  2014-02-10 22:20:30.937 [main] Loaded configuration for renderer: Vizio Smart TV
INFO  2014-02-10 22:20:30.943 [main] Loaded configuration for renderer: WD TV Live
INFO  2014-02-10 22:20:30.954 [main] Loaded configuration for renderer: WMP
INFO  2014-02-10 22:20:30.960 [main] Loaded configuration for renderer: XBMC
INFO  2014-02-10 22:20:30.968 [main] Loaded configuration for renderer: Xbox 360
INFO  2014-02-10 22:20:30.973 [main] Loaded configuration for renderer: Yamaha RX-A1010
INFO  2014-02-10 22:20:30.976 [main] Loaded configuration for renderer: Yamaha RX-V3900
INFO  2014-02-10 22:20:30.984 [main] Loaded configuration for renderer: Yamaha RX-V671
INFO  2014-02-10 22:20:30.989 [main] Loaded configuration for renderer: iPad / iPhone
INFO  2014-02-10 22:20:30.991 [main] Checking the fontconfig cache, this can take two minutes or so.
DEBUG 2014-02-10 22:20:31.035 [ffmpeg-1] Starting /home/nathan/Documents/ums-3.4.0/linux/ffmpeg -y -f lavfi -i nullsrc=s=720x480:d=1:r=1 -vf ass=DummyInput.ass -target ntsc-dvd -
DEBUG 2014-02-10 22:20:31.026 [mplayer-0] Starting mplayer dummy
DEBUG 2014-02-10 22:20:31.134 [mplayer-0] Attaching thread: mplayer-0
DEBUG 2014-02-10 22:20:31.226 [ffmpeg-1] Attaching thread: ffmpeg-1
INFO  2014-02-10 22:20:32.350 [main] Searching for plugins in /home/nathan/Documents/ums-3.4.0/plugins
INFO  2014-02-10 22:20:32.353 [main] No plugins found
DEBUG 2014-02-10 22:20:32.371 [mplayer-0] Unix process ID (mplayer): 3461
DEBUG 2014-02-10 22:20:32.371 [ffmpeg-1] Unix process ID (/home/nathan/Documents/ums-3.4.0/linux/ffmpeg): 3460
DEBUG 2014-02-10 22:20:33.012 [Thread-9] ffmpeg version N-59597-g4ced5d7 Copyright (c) 2000-2014 the FFmpeg developers
DEBUG 2014-02-10 22:20:33.012 [Thread-9]   built on Jan  6 2014 05:20:53 with gcc 4.6 (Debian 4.6.3-1)
DEBUG 2014-02-10 22:20:33.012 [Thread-9]   configuration: --prefix=/root/ffmpeg-static/32bit --arch=x86_32 --extra-cflags='-m32 -I/root/ffmpeg-static/32bit/include -static' --extra-ldflags='-m32 -L/root/ffmpeg-static/32bit/lib -static' --extra-libs='-lxml2 -lexpat -lfreetype' --enable-static --disable-shared --disable-ffserver --disable-doc --enable-bzlib --enable-zlib --enable-postproc --enable-runtime-cpudetect --enable-libx264 --enable-gpl --enable-libtheora --enable-libvorbis --enable-libmp3lame --enable-gray --enable-libass --enable-libfreetype --enable-libopenjpeg --enable-libspeex --enable-libvo-aacenc --enable-libvo-amrwbenc --enable-version3 --enable-libvpx
DEBUG 2014-02-10 22:20:33.012 [Thread-9]   libavutil      52. 62.100 / 52. 62.100
DEBUG 2014-02-10 22:20:33.012 [Thread-9]   libavcodec     55. 47.100 / 55. 47.100
DEBUG 2014-02-10 22:20:33.012 [Thread-9]   libavformat    55. 22.102 / 55. 22.102
DEBUG 2014-02-10 22:20:33.013 [Thread-9]   libavdevice    55.  5.102 / 55.  5.102
DEBUG 2014-02-10 22:20:33.013 [Thread-9]   libavfilter     4.  0.103 /  4.  0.103
DEBUG 2014-02-10 22:20:33.013 [Thread-9]   libswscale      2.  5.101 /  2.  5.101
DEBUG 2014-02-10 22:20:33.013 [Thread-9]   libswresample   0. 17.104 /  0. 17.104
DEBUG 2014-02-10 22:20:33.013 [Thread-9]   libpostproc    52.  3.100 / 52.  3.100
DEBUG 2014-02-10 22:20:33.013 [Thread-9] Input #0, lavfi, from 'nullsrc=s=720x480:d=1:r=1':
DEBUG 2014-02-10 22:20:33.013 [Thread-9]   Duration: N/A, start: 0.000000, bitrate: N/A
DEBUG 2014-02-10 22:20:33.054 [Thread-9]     Stream #0:0: Video: rawvideo (I420 / 0x30323449), yuv420p, 720x480 [SAR 1:1 DAR 3:2], 1 tbr, 1 tbn, 1 tbc
DEBUG 2014-02-10 22:20:33.055 [Thread-9] Fontconfig error: "/etc/fonts/conf.d/10-scale-bitmap-fonts.conf", line 70: non-double matrix element
DEBUG 2014-02-10 22:20:33.055 [Thread-9] Fontconfig error: "/etc/fonts/conf.d/10-scale-bitmap-fonts.conf", line 70: non-double matrix element
DEBUG 2014-02-10 22:20:33.055 [Thread-9] Fontconfig warning: "/etc/fonts/conf.d/10-scale-bitmap-fonts.conf", line 78: saw unknown, expected number
DEBUG 2014-02-10 22:20:33.055 [Thread-9] [Parsed_ass_0 @ 0x9e609a0] Added subtitle file: 'DummyInput.ass' (6 styles, 1 events)
DEBUG 2014-02-10 22:20:33.055 [Thread-9] Output #0, dvd, to 'pipe:':
DEBUG 2014-02-10 22:20:33.055 [Thread-9]   Metadata:
DEBUG 2014-02-10 22:20:33.055 [Thread-9]     encoder         : Lavf55.22.102
DEBUG 2014-02-10 22:20:33.055 [Thread-9]     Stream #0:0: Video: mpeg2video, yuv420p, 720x480 [SAR 1:1 DAR 3:2], q=2-31, 6000 kb/s, 90k tbn, 29.97 tbc
DEBUG 2014-02-10 22:20:33.055 [Thread-9] Stream mapping:
DEBUG 2014-02-10 22:20:33.055 [Thread-9]   Stream #0:0 -> #0:0 (rawvideo -> mpeg2video)
DEBUG 2014-02-10 22:20:33.055 [Thread-9] Press [q] to stop, [?] for help
INFO  2014-02-10 22:20:33.067 [main] Registering transcoding engine: FFmpeg Audio
INFO  2014-02-10 22:20:33.096 [main] Registering transcoding engine: MEncoder
INFO  2014-02-10 22:20:33.112 [main] Registering transcoding engine: FFmpeg
INFO  2014-02-10 22:20:33.114 [main] Registering transcoding engine: VLC
DEBUG 2014-02-10 22:20:33.123 [main] Error reading ffmpeg web filters: File '/home/nathan/.config/UMS/ffmpeg.webfilters' does not exist
DEBUG 2014-02-10 22:20:33.134 [main] FFmpeg supported protocols: [cache, concat, crypto, data, ffrtmphttp, file, ftp, gopher, hls, http, httpproxy, mmsh, mmst, pipe, rtmp, rtmpt, rtp, srtp, tcp, udp, unix, mms]
INFO  2014-02-10 22:20:33.135 [main] Registering transcoding engine: FFmpeg Web Video
INFO  2014-02-10 22:20:33.151 [main] Registering transcoding engine: MEncoder Web
INFO  2014-02-10 22:20:33.153 [main] Registering transcoding engine: VLC Web Video
INFO  2014-02-10 22:20:33.156 [main] Registering transcoding engine: tsMuxeR
INFO  2014-02-10 22:20:33.165 [main] Registering transcoding engine: Audio High Fidelity
INFO  2014-02-10 22:20:33.167 [main] Registering transcoding engine: VLC Web Audio (Legacy)
INFO  2014-02-10 22:20:33.168 [main] Registering transcoding engine: VLC Web Video (Legacy)
INFO  2014-02-10 22:20:33.170 [main] Registering transcoding engine: dcraw Thumbnailer
INFO  2014-02-10 22:20:33.511 [main] Using address /192.168.1.120 found on network interface: name:wlp8s0 (wlp8s0)
INFO  2014-02-10 22:20:33.513 [main] Created socket: /192.168.1.120:5001
DEBUG 2014-02-10 22:20:33.809 [Thread-9] frame=    1 fps=0.0 q=1.6 Lsize=      14kB time=00:00:00.03 bitrate=3437.2kbits/s    
DEBUG 2014-02-10 22:20:33.810 [Thread-9] video:10kB audio:0kB subtitle:0 global headers:0kB muxing overhead 38.834011%
DEBUG 2014-02-10 22:20:34.117 [main] Sending ALIVE...
DEBUG 2014-02-10 22:20:34.145 [main] Reading uuid: default: null, current: "f4cfec8c-43bb-454d-a828-b49f6aa7b21f"
INFO  2014-02-10 22:20:34.145 [main] Using the following UUID configured in UMS.conf: f4cfec8c-43bb-454d-a828-b49f6aa7b21f
INFO  2014-02-10 22:20:34.400 [main] The server is now available for renderers to find
DEBUG 2014-02-10 22:20:35.496 [Thread-6] mplayer: could not connect to socket
DEBUG 2014-02-10 22:20:35.497 [Thread-6] mplayer: No such file or directory
DEBUG 2014-02-10 22:20:35.497 [Thread-6] Failed to open LIRC support. You will not be able to use your remote control.
DEBUG 2014-02-10 22:20:35.512 [Thread-6] File not found: 'dummy'
DEBUG 2014-02-10 22:20:35.513 [Thread-6] Failed to open dummy.
DEBUG 2014-02-10 22:20:44.400 [UPNP-AliveMessageSender] Sending ALIVE...
INFO  2014-02-10 22:20:51.284 [UPNPHelper] No IP filter specified, access granted to /192.168.1.65
INFO  2014-02-10 22:20:52.435 [pool-4-thread-1] Checking IP: 192.168.1.65 for Xbox 360
INFO  2014-02-10 22:20:52.443 [New I/O worker #1] Another renderer like Xbox 360 was found!
DEBUG 2014-02-10 22:20:52.455 [New I/O worker #1] HTTP User-Agent: Xbox/2.0.16547.0 UPnP/1.0 Xbox/2.0.16547.0
INFO  2014-02-10 22:20:52.460 [New I/O worker #1] Checking shared folder: /home/nathan/Videos
DEBUG 2014-02-10 22:20:52.541 [New I/O worker #2] HTTP User-Agent: Xbox/2.0.16547.0 UPnP/1.0 Xbox/2.0.16547.0
DEBUG 2014-02-10 22:20:52.543 [New I/O worker #2] DLNA changes for Xbox 360
INFO  2014-02-10 22:20:52.791 [pool-4-thread-1] Renderer Xbox 360 found on this address: 192.168.1.65
DEBUG 2014-02-10 22:20:52.799 [pool-4-thread-1] Starting ping -c 3 -s 64000 192.168.1.65
DEBUG 2014-02-10 22:20:52.862 [pool-4-thread-1] Unix process ID (ping): 3492
DEBUG 2014-02-10 22:20:52.872 [Thread-13] ping: icmp open socket: Operation not permitted
INFO  2014-02-10 22:20:52.872 [pool-4-thread-1] Process ping has a return code of 2! Maybe an error occurred... check the log file
DEBUG 2014-02-10 22:20:54.799 [SpeedStats Failsafe] Stopping Unix process 3492: ping-2
DEBUG 2014-02-10 22:21:04.401 [UPNP-AliveMessageSender] Sending ALIVE...
INFO  2014-02-10 22:21:22.061 [StartPlaying Event] Started playing Eureka.S03E05.Show Me the Mummy.avi on your Xbox 360
DEBUG 2014-02-10 22:21:22.064 [StartPlaying Event] The full filename of which is: /home/nathan/Videos/TV Shows/Eureka/Season 3/Eureka.S03E05.Show Me the Mummy.avi and the address of the renderer is: 192.168.1.65
DEBUG 2014-02-10 22:24:04.403 [UPNP-AliveMessageSender] Sending ALIVE...
INFO  2014-02-10 22:25:14.327 [UPNPHelper] No IP filter specified, access granted to /192.168.1.120
INFO  2014-02-10 22:26:26.572 [UPNPHelper] No IP filter specified, access granted to /192.168.1.72
INFO  2014-02-10 22:26:26.838 [pool-4-thread-2] Checking IP: 192.168.1.72 for WMP
DEBUG 2014-02-10 22:26:26.876 [New I/O worker #3] HTTP User-Agent: Microsoft-Windows/6.1 UPnP/1.0 Windows-Media-Player-DMS/12.0.7601.17514 DLNADOC/1.50
INFO  2014-02-10 22:26:26.940 [pool-4-thread-2] Renderer WMP found on this address: 192.168.1.72
DEBUG 2014-02-10 22:26:26.942 [pool-4-thread-2] Starting ping -c 3 -s 64000 192.168.1.72
DEBUG 2014-02-10 22:26:26.967 [Thread-16] ping: icmp open socket: Operation not permitted
DEBUG 2014-02-10 22:26:26.968 [pool-4-thread-2] Unix process ID (ping): 3571
INFO  2014-02-10 22:26:26.975 [pool-4-thread-2] Process ping has a return code of 2! Maybe an error occurred... check the log file
DEBUG 2014-02-10 22:26:28.943 [SpeedStats Failsafe] Stopping Unix process 3571: ping-3
DEBUG 2014-02-10 22:27:04.404 [UPNP-AliveMessageSender] Sending ALIVE...
DEBUG 2014-02-10 22:30:04.405 [UPNP-AliveMessageSender] Sending ALIVE...
INFO  2014-02-10 22:30:44.713 [UPNPHelper] No IP filter specified, access granted to /192.168.1.112
INFO  2014-02-10 22:30:45.591 [New I/O worker #4] Another renderer like WMP was found!
DEBUG 2014-02-10 22:30:45.596 [New I/O worker #4] HTTP User-Agent: Microsoft-Windows/6.1 UPnP/1.0 Windows-Media-Player-DMS/12.0.7601.17514 DLNADOC/1.50
INFO  2014-02-10 22:30:45.596 [pool-4-thread-3] Checking IP: 192.168.1.112 for WMP
INFO  2014-02-10 22:30:45.698 [pool-4-thread-3] Renderer WMP found on this address: 192.168.1.112
DEBUG 2014-02-10 22:30:45.700 [pool-4-thread-3] Starting ping -c 3 -s 64000 192.168.1.112
DEBUG 2014-02-10 22:30:45.703 [pool-4-thread-3] Unix process ID (ping): 3622
DEBUG 2014-02-10 22:30:45.721 [Thread-19] ping: icmp open socket: Operation not permitted
INFO  2014-02-10 22:30:45.722 [pool-4-thread-3] Process ping has a return code of 2! Maybe an error occurred... check the log file
DEBUG 2014-02-10 22:30:47.701 [SpeedStats Failsafe] Stopping Unix process 3622: ping-4
DEBUG 2014-02-10 22:33:04.406 [UPNP-AliveMessageSender] Sending ALIVE...
INFO  2014-02-10 22:33:43.416 [StopPlaying Event] Stopped playing Eureka.S03E05.Show Me the Mummy.avi on your Xbox 360
DEBUG 2014-02-10 22:33:43.418 [StopPlaying Event] The full filename of which is: /home/nathan/Videos/TV Shows/Eureka/Season 3/Eureka.S03E05.Show Me the Mummy.avi and the address of the renderer is: 192.168.1.65
DEBUG 2014-02-10 22:33:43.428 [StopPlaying Event] Resume stop. This segment 741364 new time 741364
DEBUG 2014-02-10 22:33:44.490 [New I/O worker #3] DLNA changes for Xbox 360
DEBUG 2014-02-10 22:36:04.408 [UPNP-AliveMessageSender] Sending ALIVE...
DEBUG 2014-02-10 22:39:04.409 [UPNP-AliveMessageSender] Sending ALIVE...
DEBUG 2014-02-10 22:42:04.410 [UPNP-AliveMessageSender] Sending ALIVE...
DEBUG 2014-02-10 22:45:04.412 [UPNP-AliveMessageSender] Sending ALIVE...
DEBUG 2014-02-10 22:48:04.413 [UPNP-AliveMessageSender] Sending ALIVE...
DEBUG 2014-02-10 22:51:04.414 [UPNP-AliveMessageSender] Sending ALIVE...
DEBUG 2014-02-10 22:54:04.415 [UPNP-AliveMessageSender] Sending ALIVE...
DEBUG 2014-02-10 22:57:04.417 [UPNP-AliveMessageSender] Sending ALIVE...
DEBUG 2014-02-10 23:00:04.418 [UPNP-AliveMessageSender] Sending ALIVE...
DEBUG 2014-02-10 23:03:04.419 [UPNP-AliveMessageSender] Sending ALIVE...
DEBUG 2014-02-10 23:06:04.420 [UPNP-AliveMessageSender] Sending ALIVE...
DEBUG 2014-02-10 23:09:04.421 [UPNP-AliveMessageSender] Sending ALIVE...
DEBUG 2014-02-10 23:12:04.423 [UPNP-AliveMessageSender] Sending ALIVE...
DEBUG 2014-02-10 23:15:04.424 [UPNP-AliveMessageSender] Sending ALIVE...
DEBUG 2014-02-10 23:18:04.425 [UPNP-AliveMessageSender] Sending ALIVE...
DEBUG 2014-02-10 23:21:04.426 [UPNP-AliveMessageSender] Sending ALIVE...
DEBUG 2014-02-10 23:24:04.427 [UPNP-AliveMessageSender] Sending ALIVE...
DEBUG 2014-02-10 23:27:04.429 [UPNP-AliveMessageSender] Sending ALIVE...
DEBUG 2014-02-10 23:30:04.430 [UPNP-AliveMessageSender] Sending ALIVE...
DEBUG 2014-02-10 23:33:04.431 [UPNP-AliveMessageSender] Sending ALIVE...
DEBUG 2014-02-10 23:36:04.432 [UPNP-AliveMessageSender] Sending ALIVE...
DEBUG 2014-02-10 23:39:04.434 [UPNP-AliveMessageSender] Sending ALIVE...
DEBUG 2014-02-10 23:42:04.437 [UPNP-AliveMessageSender] Sending ALIVE...
DEBUG 2014-02-10 23:45:04.439 [UPNP-AliveMessageSender] Sending ALIVE...
DEBUG 2014-02-10 23:48:04.442 [UPNP-AliveMessageSender] Sending ALIVE...
DEBUG 2014-02-10 23:51:04.444 [UPNP-AliveMessageSender] Sending ALIVE...
DEBUG 2014-02-10 23:54:04.448 [UPNP-AliveMessageSender] Sending ALIVE...
DEBUG 2014-02-10 23:57:04.450 [UPNP-AliveMessageSender] Sending ALIVE...
DEBUG 2014-02-11 00:00:04.453 [UPNP-AliveMessageSender] Sending ALIVE...
DEBUG 2014-02-11 00:03:04.455 [UPNP-AliveMessageSender] Sending ALIVE...
DEBUG 2014-02-11 00:06:04.458 [UPNP-AliveMessageSender] Sending ALIVE...
DEBUG 2014-02-11 00:09:04.461 [UPNP-AliveMessageSender] Sending ALIVE...
DEBUG 2014-02-11 00:12:04.463 [UPNP-AliveMessageSender] Sending ALIVE...
DEBUG 2014-02-11 00:15:04.466 [UPNP-AliveMessageSender] Sending ALIVE...
DEBUG 2014-02-11 00:18:04.469 [UPNP-AliveMessageSender] Sending ALIVE...
DEBUG 2014-02-11 00:21:04.472 [UPNP-AliveMessageSender] Sending ALIVE...
DEBUG 2014-02-11 00:24:04.474 [UPNP-AliveMessageSender] Sending ALIVE...
DEBUG 2014-02-11 00:27:04.477 [UPNP-AliveMessageSender] Sending ALIVE...
DEBUG 2014-02-11 00:30:04.479 [UPNP-AliveMessageSender] Sending ALIVE...
DEBUG 2014-02-11 00:33:04.482 [UPNP-AliveMessageSender] Sending ALIVE...
DEBUG 2014-02-11 00:36:04.485 [UPNP-AliveMessageSender] Sending ALIVE...
DEBUG 2014-02-11 00:39:04.486 [UPNP-AliveMessageSender] Sending ALIVE...
DEBUG 2014-02-11 00:42:04.487 [UPNP-AliveMessageSender] Sending ALIVE...
DEBUG 2014-02-11 00:45:04.491 [UPNP-AliveMessageSender] Sending ALIVE...
DEBUG 2014-02-11 00:48:04.492 [UPNP-AliveMessageSender] Sending ALIVE...
DEBUG 2014-02-11 00:51:04.493 [UPNP-AliveMessageSender] Sending ALIVE...
DEBUG 2014-02-11 00:54:04.495 [UPNP-AliveMessageSender] Sending ALIVE...
DEBUG 2014-02-11 00:57:04.496 [UPNP-AliveMessageSender] Sending ALIVE...
DEBUG 2014-02-11 01:00:04.498 [UPNP-AliveMessageSender] Sending ALIVE...
DEBUG 2014-02-11 01:03:04.500 [UPNP-AliveMessageSender] Sending ALIVE...
DEBUG 2014-02-11 01:06:04.502 [UPNP-AliveMessageSender] Sending ALIVE...
DEBUG 2014-02-11 01:09:04.503 [UPNP-AliveMessageSender] Sending ALIVE...
INFO  2014-02-11 01:10:24.796 [UPNPHelper] No IP filter specified, access granted to /192.168.1.67
DEBUG 2014-02-11 01:12:04.506 [UPNP-AliveMessageSender] Sending ALIVE...
DEBUG 2014-02-11 01:15:04.509 [UPNP-AliveMessageSender] Sending ALIVE...
DEBUG 2014-02-11 01:18:04.511 [UPNP-AliveMessageSender] Sending ALIVE...
DEBUG 2014-02-11 01:21:04.514 [UPNP-AliveMessageSender] Sending ALIVE...
DEBUG 2014-02-11 01:24:04.516 [UPNP-AliveMessageSender] Sending ALIVE...
DEBUG 2014-02-11 01:27:04.519 [UPNP-AliveMessageSender] Sending ALIVE...
DEBUG 2014-02-11 01:30:04.521 [UPNP-AliveMessageSender] Sending ALIVE...
DEBUG 2014-02-11 01:33:04.524 [UPNP-AliveMessageSender] Sending ALIVE...
DEBUG 2014-02-11 01:36:04.527 [UPNP-AliveMessageSender] Sending ALIVE...
DEBUG 2014-02-11 01:39:04.530 [UPNP-AliveMessageSender] Sending ALIVE...
DEBUG 2014-02-11 01:42:04.533 [UPNP-AliveMessageSender] Sending ALIVE...
DEBUG 2014-02-11 01:45:04.535 [UPNP-AliveMessageSender] Sending ALIVE...
DEBUG 2014-02-11 01:48:04.538 [UPNP-AliveMessageSender] Sending ALIVE...
DEBUG 2014-02-11 01:51:04.541 [UPNP-AliveMessageSender] Sending ALIVE...
DEBUG 2014-02-11 01:54:04.543 [UPNP-AliveMessageSender] Sending ALIVE...
DEBUG 2014-02-11 01:57:04.545 [UPNP-AliveMessageSender] Sending ALIVE...
DEBUG 2014-02-11 02:00:04.548 [UPNP-AliveMessageSender] Sending ALIVE...
DEBUG 2014-02-11 02:03:04.550 [UPNP-AliveMessageSender] Sending ALIVE...
DEBUG 2014-02-11 02:06:04.552 [UPNP-AliveMessageSender] Sending ALIVE...
DEBUG 2014-02-11 02:09:04.555 [UPNP-AliveMessageSender] Sending ALIVE...
DEBUG 2014-02-11 02:12:04.557 [UPNP-AliveMessageSender] Sending ALIVE...
DEBUG 2014-02-11 02:15:04.560 [UPNP-AliveMessageSender] Sending ALIVE...
DEBUG 2014-02-11 02:18:04.562 [UPNP-AliveMessageSender] Sending ALIVE...
DEBUG 2014-02-11 02:21:04.565 [UPNP-AliveMessageSender] Sending ALIVE...
DEBUG 2014-02-11 02:24:04.567 [UPNP-AliveMessageSender] Sending ALIVE...
DEBUG 2014-02-11 02:27:04.569 [UPNP-AliveMessageSender] Sending ALIVE...
DEBUG 2014-02-11 02:30:04.572 [UPNP-AliveMessageSender] Sending ALIVE...
DEBUG 2014-02-11 02:33:04.574 [UPNP-AliveMessageSender] Sending ALIVE...
DEBUG 2014-02-11 02:36:04.577 [UPNP-AliveMessageSender] Sending ALIVE...
DEBUG 2014-02-11 02:39:04.579 [UPNP-AliveMessageSender] Sending ALIVE...
DEBUG 2014-02-11 02:42:04.582 [UPNP-AliveMessageSender] Sending ALIVE...
DEBUG 2014-02-11 02:45:04.584 [UPNP-AliveMessageSender] Sending ALIVE...
DEBUG 2014-02-11 02:48:04.586 [UPNP-AliveMessageSender] Sending ALIVE...
DEBUG 2014-02-11 02:51:04.589 [UPNP-AliveMessageSender] Sending ALIVE...
DEBUG 2014-02-11 02:54:04.591 [UPNP-AliveMessageSender] Sending ALIVE...
DEBUG 2014-02-11 02:57:04.594 [UPNP-AliveMessageSender] Sending ALIVE...
DEBUG 2014-02-11 03:00:04.595 [UPNP-AliveMessageSender] Sending ALIVE...
DEBUG 2014-02-11 03:03:04.718 [UPNP-AliveMessageSender] Sending ALIVE...
DEBUG 2014-02-11 03:06:04.719 [UPNP-AliveMessageSender] Sending ALIVE...
DEBUG 2014-02-11 03:09:04.722 [UPNP-AliveMessageSender] Sending ALIVE...
DEBUG 2014-02-11 03:12:04.724 [UPNP-AliveMessageSender] Sending ALIVE...
DEBUG 2014-02-11 03:15:04.727 [UPNP-AliveMessageSender] Sending ALIVE...
DEBUG 2014-02-11 03:18:04.729 [UPNP-AliveMessageSender] Sending ALIVE...
DEBUG 2014-02-11 03:21:04.732 [UPNP-AliveMessageSender] Sending ALIVE...
DEBUG 2014-02-11 03:24:04.734 [UPNP-AliveMessageSender] Sending ALIVE...
DEBUG 2014-02-11 03:27:04.736 [UPNP-AliveMessageSender] Sending ALIVE...
DEBUG 2014-02-11 03:30:04.739 [UPNP-AliveMessageSender] Sending ALIVE...
DEBUG 2014-02-11 03:33:04.741 [UPNP-AliveMessageSender] Sending ALIVE...
DEBUG 2014-02-11 03:36:04.743 [UPNP-AliveMessageSender] Sending ALIVE...
DEBUG 2014-02-11 03:39:04.746 [UPNP-AliveMessageSender] Sending ALIVE...
DEBUG 2014-02-11 03:42:04.748 [UPNP-AliveMessageSender] Sending ALIVE...
DEBUG 2014-02-11 03:45:04.750 [UPNP-AliveMessageSender] Sending ALIVE...
DEBUG 2014-02-11 03:48:04.753 [UPNP-AliveMessageSender] Sending ALIVE...
DEBUG 2014-02-11 03:51:04.755 [UPNP-AliveMessageSender] Sending ALIVE...
DEBUG 2014-02-11 03:54:04.756 [UPNP-AliveMessageSender] Sending ALIVE...
DEBUG 2014-02-11 03:57:04.759 [UPNP-AliveMessageSender] Sending ALIVE...
DEBUG 2014-02-11 04:00:04.761 [UPNP-AliveMessageSender] Sending ALIVE...
DEBUG 2014-02-11 04:03:04.763 [UPNP-AliveMessageSender] Sending ALIVE...
DEBUG 2014-02-11 04:06:04.765 [UPNP-AliveMessageSender] Sending ALIVE...
DEBUG 2014-02-11 04:09:04.767 [UPNP-AliveMessageSender] Sending ALIVE...
DEBUG 2014-02-11 04:12:04.769 [UPNP-AliveMessageSender] Sending ALIVE...
DEBUG 2014-02-11 04:15:04.771 [UPNP-AliveMessageSender] Sending ALIVE...
DEBUG 2014-02-11 04:18:04.773 [UPNP-AliveMessageSender] Sending ALIVE...
DEBUG 2014-02-11 04:21:04.776 [UPNP-AliveMessageSender] Sending ALIVE...
DEBUG 2014-02-11 04:24:04.778 [UPNP-AliveMessageSender] Sending ALIVE...
DEBUG 2014-02-11 04:27:04.780 [UPNP-AliveMessageSender] Sending ALIVE...
DEBUG 2014-02-11 04:30:04.783 [UPNP-AliveMessageSender] Sending ALIVE...
DEBUG 2014-02-11 04:33:04.785 [UPNP-AliveMessageSender] Sending ALIVE...
DEBUG 2014-02-11 04:36:04.787 [UPNP-AliveMessageSender] Sending ALIVE...
DEBUG 2014-02-11 04:39:04.789 [UPNP-AliveMessageSender] Sending ALIVE...
DEBUG 2014-02-11 04:42:04.792 [UPNP-AliveMessageSender] Sending ALIVE...
DEBUG 2014-02-11 04:45:04.794 [UPNP-AliveMessageSender] Sending ALIVE...
DEBUG 2014-02-11 04:48:04.796 [UPNP-AliveMessageSender] Sending ALIVE...
DEBUG 2014-02-11 04:51:04.799 [UPNP-AliveMessageSender] Sending ALIVE...
DEBUG 2014-02-11 04:54:04.801 [UPNP-AliveMessageSender] Sending ALIVE...
DEBUG 2014-02-11 04:57:04.803 [UPNP-AliveMessageSender] Sending ALIVE...
DEBUG 2014-02-11 05:00:04.805 [UPNP-AliveMessageSender] Sending ALIVE...
DEBUG 2014-02-11 05:03:04.807 [UPNP-AliveMessageSender] Sending ALIVE...
DEBUG 2014-02-11 05:06:04.810 [UPNP-AliveMessageSender] Sending ALIVE...
DEBUG 2014-02-11 05:09:04.812 [UPNP-AliveMessageSender] Sending ALIVE...
DEBUG 2014-02-11 05:12:04.815 [UPNP-AliveMessageSender] Sending ALIVE...
DEBUG 2014-02-11 05:15:04.817 [UPNP-AliveMessageSender] Sending ALIVE...
DEBUG 2014-02-11 05:18:04.820 [UPNP-AliveMessageSender] Sending ALIVE...
DEBUG 2014-02-11 05:21:04.822 [UPNP-AliveMessageSender] Sending ALIVE...
DEBUG 2014-02-11 05:24:04.824 [UPNP-AliveMessageSender] Sending ALIVE...
DEBUG 2014-02-11 05:27:04.827 [UPNP-AliveMessageSender] Sending ALIVE...
DEBUG 2014-02-11 05:30:04.829 [UPNP-AliveMessageSender] Sending ALIVE...
DEBUG 2014-02-11 05:33:04.832 [UPNP-AliveMessageSender] Sending ALIVE...
DEBUG 2014-02-11 05:36:04.834 [UPNP-AliveMessageSender] Sending ALIVE...
DEBUG 2014-02-11 05:39:04.836 [UPNP-AliveMessageSender] Sending ALIVE...
DEBUG 2014-02-11 05:42:04.839 [UPNP-AliveMessageSender] Sending ALIVE...
DEBUG 2014-02-11 05:45:04.841 [UPNP-AliveMessageSender] Sending ALIVE...
DEBUG 2014-02-11 05:48:04.844 [UPNP-AliveMessageSender] Sending ALIVE...
DEBUG 2014-02-11 05:51:04.846 [UPNP-AliveMessageSender] Sending ALIVE...
DEBUG 2014-02-11 05:54:04.848 [UPNP-AliveMessageSender] Sending ALIVE...
DEBUG 2014-02-11 05:57:04.851 [UPNP-AliveMessageSender] Sending ALIVE...
DEBUG 2014-02-11 06:00:04.853 [UPNP-AliveMessageSender] Sending ALIVE...
DEBUG 2014-02-11 06:03:04.856 [UPNP-AliveMessageSender] Sending ALIVE...
DEBUG 2014-02-11 06:06:04.858 [UPNP-AliveMessageSender] Sending ALIVE...
DEBUG 2014-02-11 06:09:04.861 [UPNP-AliveMessageSender] Sending ALIVE...
DEBUG 2014-02-11 06:12:04.864 [UPNP-AliveMessageSender] Sending ALIVE...
DEBUG 2014-02-11 06:15:04.866 [UPNP-AliveMessageSender] Sending ALIVE...
DEBUG 2014-02-11 06:18:04.869 [UPNP-AliveMessageSender] Sending ALIVE...
DEBUG 2014-02-11 06:21:04.871 [UPNP-AliveMessageSender] Sending ALIVE...
DEBUG 2014-02-11 06:24:04.873 [UPNP-AliveMessageSender] Sending ALIVE...
DEBUG 2014-02-11 06:27:04.875 [UPNP-AliveMessageSender] Sending ALIVE...
DEBUG 2014-02-11 06:30:04.877 [UPNP-AliveMessageSender] Sending ALIVE...
DEBUG 2014-02-11 06:33:04.880 [UPNP-AliveMessageSender] Sending ALIVE...
DEBUG 2014-02-11 06:36:04.882 [UPNP-AliveMessageSender] Sending ALIVE...
DEBUG 2014-02-11 06:39:04.884 [UPNP-AliveMessageSender] Sending ALIVE...
DEBUG 2014-02-11 06:42:04.886 [UPNP-AliveMessageSender] Sending ALIVE...
DEBUG 2014-02-11 06:45:04.888 [UPNP-AliveMessageSender] Sending ALIVE...
DEBUG 2014-02-11 06:48:04.891 [UPNP-AliveMessageSender] Sending ALIVE...
DEBUG 2014-02-11 06:51:04.893 [UPNP-AliveMessageSender] Sending ALIVE...
DEBUG 2014-02-11 06:54:04.895 [UPNP-AliveMessageSender] Sending ALIVE...
DEBUG 2014-02-11 06:57:04.898 [UPNP-AliveMessageSender] Sending ALIVE...
DEBUG 2014-02-11 07:00:04.901 [UPNP-AliveMessageSender] Sending ALIVE...
DEBUG 2014-02-11 07:03:04.903 [UPNP-AliveMessageSender] Sending ALIVE...
DEBUG 2014-02-11 07:06:04.906 [UPNP-AliveMessageSender] Sending ALIVE...
DEBUG 2014-02-11 07:09:04.908 [UPNP-AliveMessageSender] Sending ALIVE...
DEBUG 2014-02-11 07:12:04.910 [UPNP-AliveMessageSender] Sending ALIVE...
DEBUG 2014-02-11 07:15:04.913 [UPNP-AliveMessageSender] Sending ALIVE...
DEBUG 2014-02-11 07:18:04.915 [UPNP-AliveMessageSender] Sending ALIVE...
DEBUG 2014-02-11 07:21:04.917 [UPNP-AliveMessageSender] Sending ALIVE...
DEBUG 2014-02-11 07:24:04.920 [UPNP-AliveMessageSender] Sending ALIVE...
DEBUG 2014-02-11 07:27:04.922 [UPNP-AliveMessageSender] Sending ALIVE...
DEBUG 2014-02-11 07:30:04.924 [UPNP-AliveMessageSender] Sending ALIVE...
DEBUG 2014-02-11 07:33:04.926 [UPNP-AliveMessageSender] Sending ALIVE...
DEBUG 2014-02-11 07:36:04.928 [UPNP-AliveMessageSender] Sending ALIVE...
DEBUG 2014-02-11 07:39:04.930 [UPNP-AliveMessageSender] Sending ALIVE...
DEBUG 2014-02-11 07:42:04.933 [UPNP-AliveMessageSender] Sending ALIVE...
DEBUG 2014-02-11 07:45:04.935 [UPNP-AliveMessageSender] Sending ALIVE...
DEBUG 2014-02-11 07:48:04.937 [UPNP-AliveMessageSender] Sending ALIVE...
DEBUG 2014-02-11 07:51:04.950 [UPNP-AliveMessageSender] Sending ALIVE...
DEBUG 2014-02-11 07:54:04.952 [UPNP-AliveMessageSender] Sending ALIVE...
DEBUG 2014-02-11 07:57:04.955 [UPNP-AliveMessageSender] Sending ALIVE...
DEBUG 2014-02-11 08:00:04.958 [UPNP-AliveMessageSender] Sending ALIVE...
DEBUG 2014-02-11 08:03:04.960 [UPNP-AliveMessageSender] Sending ALIVE...
DEBUG 2014-02-11 08:06:04.962 [UPNP-AliveMessageSender] Sending ALIVE...
DEBUG 2014-02-11 08:09:04.965 [UPNP-AliveMessageSender] Sending ALIVE...
DEBUG 2014-02-11 08:12:04.967 [UPNP-AliveMessageSender] Sending ALIVE...
DEBUG 2014-02-11 08:15:04.970 [UPNP-AliveMessageSender] Sending ALIVE...
DEBUG 2014-02-11 08:18:04.972 [UPNP-AliveMessageSender] Sending ALIVE...
DEBUG 2014-02-11 08:21:04.974 [UPNP-AliveMessageSender] Sending ALIVE...
DEBUG 2014-02-11 08:24:04.976 [UPNP-AliveMessageSender] Sending ALIVE...
DEBUG 2014-02-11 08:27:04.979 [UPNP-AliveMessageSender] Sending ALIVE...
DEBUG 2014-02-11 08:30:04.982 [UPNP-AliveMessageSender] Sending ALIVE...
DEBUG 2014-02-11 08:33:04.984 [UPNP-AliveMessageSender] Sending ALIVE...
DEBUG 2014-02-11 08:36:04.987 [UPNP-AliveMessageSender] Sending ALIVE...
DEBUG 2014-02-11 08:39:04.989 [UPNP-AliveMessageSender] Sending ALIVE...
DEBUG 2014-02-11 08:42:04.991 [UPNP-AliveMessageSender] Sending ALIVE...
DEBUG 2014-02-11 08:45:04.994 [UPNP-AliveMessageSender] Sending ALIVE...
DEBUG 2014-02-11 08:48:04.996 [UPNP-AliveMessageSender] Sending ALIVE...
DEBUG 2014-02-11 08:51:04.998 [UPNP-AliveMessageSender] Sending ALIVE...
DEBUG 2014-02-11 08:54:05.001 [UPNP-AliveMessageSender] Sending ALIVE...
DEBUG 2014-02-11 08:57:05.003 [UPNP-AliveMessageSender] Sending ALIVE...
DEBUG 2014-02-11 09:00:05.005 [UPNP-AliveMessageSender] Sending ALIVE...
DEBUG 2014-02-11 09:03:05.008 [UPNP-AliveMessageSender] Sending ALIVE...
DEBUG 2014-02-11 09:06:05.010 [UPNP-AliveMessageSender] Sending ALIVE...
DEBUG 2014-02-11 09:09:05.012 [UPNP-AliveMessageSender] Sending ALIVE...
DEBUG 2014-02-11 09:12:05.015 [UPNP-AliveMessageSender] Sending ALIVE...
DEBUG 2014-02-11 09:15:05.017 [UPNP-AliveMessageSender] Sending ALIVE...
DEBUG 2014-02-11 09:18:05.019 [UPNP-AliveMessageSender] Sending ALIVE...
DEBUG 2014-02-11 09:21:05.021 [UPNP-AliveMessageSender] Sending ALIVE...
DEBUG 2014-02-11 09:24:05.024 [UPNP-AliveMessageSender] Sending ALIVE...
DEBUG 2014-02-11 09:27:05.026 [UPNP-AliveMessageSender] Sending ALIVE...
INFO  2014-02-11 09:27:31.138 [UPNPHelper] No IP filter specified, access granted to /192.168.1.69
DEBUG 2014-02-11 09:30:05.028 [UPNP-AliveMessageSender] Sending ALIVE...
DEBUG 2014-02-11 09:33:05.030 [UPNP-AliveMessageSender] Sending ALIVE...
DEBUG 2014-02-11 09:36:05.032 [UPNP-AliveMessageSender] Sending ALIVE...
DEBUG 2014-02-11 09:39:05.035 [UPNP-AliveMessageSender] Sending ALIVE...
DEBUG 2014-02-11 09:42:05.037 [UPNP-AliveMessageSender] Sending ALIVE...
DEBUG 2014-02-11 09:45:05.039 [UPNP-AliveMessageSender] Sending ALIVE...
DEBUG 2014-02-11 09:48:05.042 [UPNP-AliveMessageSender] Sending ALIVE...
DEBUG 2014-02-11 09:51:05.044 [UPNP-AliveMessageSender] Sending ALIVE...
DEBUG 2014-02-11 09:54:05.046 [UPNP-AliveMessageSender] Sending ALIVE...
DEBUG 2014-02-11 09:57:05.048 [UPNP-AliveMessageSender] Sending ALIVE...
DEBUG 2014-02-11 10:00:05.051 [UPNP-AliveMessageSender] Sending ALIVE...
DEBUG 2014-02-11 10:03:05.053 [UPNP-AliveMessageSender] Sending ALIVE...
DEBUG 2014-02-11 10:06:05.055 [UPNP-AliveMessageSender] Sending ALIVE...
DEBUG 2014-02-11 10:09:05.058 [UPNP-AliveMessageSender] Sending ALIVE...
DEBUG 2014-02-11 10:12:05.060 [UPNP-AliveMessageSender] Sending ALIVE...
DEBUG 2014-02-11 10:15:05.074 [UPNP-AliveMessageSender] Sending ALIVE...
DEBUG 2014-02-11 10:18:05.076 [UPNP-AliveMessageSender] Sending ALIVE...
DEBUG 2014-02-11 10:21:05.078 [UPNP-AliveMessageSender] Sending ALIVE...
DEBUG 2014-02-11 10:24:05.080 [UPNP-AliveMessageSender] Sending ALIVE...
DEBUG 2014-02-11 10:27:05.082 [UPNP-AliveMessageSender] Sending ALIVE...
DEBUG 2014-02-11 10:30:05.085 [UPNP-AliveMessageSender] Sending ALIVE...
DEBUG 2014-02-11 10:33:05.087 [UPNP-AliveMessageSender] Sending ALIVE...
DEBUG 2014-02-11 10:36:05.089 [UPNP-AliveMessageSender] Sending ALIVE...
DEBUG 2014-02-11 10:39:05.091 [UPNP-AliveMessageSender] Sending ALIVE...
DEBUG 2014-02-11 10:42:05.093 [UPNP-AliveMessageSender] Sending ALIVE...
DEBUG 2014-02-11 10:45:05.096 [UPNP-AliveMessageSender] Sending ALIVE...
DEBUG 2014-02-11 10:48:05.098 [UPNP-AliveMessageSender] Sending ALIVE...
DEBUG 2014-02-11 10:51:05.101 [UPNP-AliveMessageSender] Sending ALIVE...
DEBUG 2014-02-11 10:54:05.103 [UPNP-AliveMessageSender] Sending ALIVE...
DEBUG 2014-02-11 10:57:05.105 [UPNP-AliveMessageSender] Sending ALIVE...
DEBUG 2014-02-11 11:00:05.108 [UPNP-AliveMessageSender] Sending ALIVE...
DEBUG 2014-02-11 11:03:05.110 [UPNP-AliveMessageSender] Sending ALIVE...
DEBUG 2014-02-11 11:06:05.112 [UPNP-AliveMessageSender] Sending ALIVE...
DEBUG 2014-02-11 11:09:05.115 [UPNP-AliveMessageSender] Sending ALIVE...
DEBUG 2014-02-11 11:12:05.117 [UPNP-AliveMessageSender] Sending ALIVE...
DEBUG 2014-02-11 11:15:05.120 [UPNP-AliveMessageSender] Sending ALIVE...
DEBUG 2014-02-11 11:18:05.122 [UPNP-AliveMessageSender] Sending ALIVE...
DEBUG 2014-02-11 11:21:05.125 [UPNP-AliveMessageSender] Sending ALIVE...
DEBUG 2014-02-11 11:24:05.127 [UPNP-AliveMessageSender] Sending ALIVE...
DEBUG 2014-02-11 11:27:05.130 [UPNP-AliveMessageSender] Sending ALIVE...
DEBUG 2014-02-11 11:30:05.132 [UPNP-AliveMessageSender] Sending ALIVE...
DEBUG 2014-02-11 11:33:05.135 [UPNP-AliveMessageSender] Sending ALIVE...
DEBUG 2014-02-11 11:36:05.137 [UPNP-AliveMessageSender] Sending ALIVE...
DEBUG 2014-02-11 11:39:05.139 [UPNP-AliveMessageSender] Sending ALIVE...
DEBUG 2014-02-11 11:42:05.142 [UPNP-AliveMessageSender] Sending ALIVE...
DEBUG 2014-02-11 11:45:05.144 [UPNP-AliveMessageSender] Sending ALIVE...
DEBUG 2014-02-11 11:48:05.146 [UPNP-AliveMessageSender] Sending ALIVE...
DEBUG 2014-02-11 11:51:05.149 [UPNP-AliveMessageSender] Sending ALIVE...
DEBUG 2014-02-11 11:54:05.151 [UPNP-AliveMessageSender] Sending ALIVE...
DEBUG 2014-02-11 11:57:05.154 [UPNP-AliveMessageSender] Sending ALIVE...
DEBUG 2014-02-11 12:00:05.156 [UPNP-AliveMessageSender] Sending ALIVE...
DEBUG 2014-02-11 12:03:05.158 [UPNP-AliveMessageSender] Sending ALIVE...
DEBUG 2014-02-11 12:06:05.160 [UPNP-AliveMessageSender] Sending ALIVE...
DEBUG 2014-02-11 12:09:05.163 [UPNP-AliveMessageSender] Sending ALIVE...
DEBUG 2014-02-11 12:12:05.165 [UPNP-AliveMessageSender] Sending ALIVE...
DEBUG 2014-02-11 12:15:05.167 [UPNP-AliveMessageSender] Sending ALIVE...
DEBUG 2014-02-11 12:18:05.169 [UPNP-AliveMessageSender] Sending ALIVE...
DEBUG 2014-02-11 12:21:05.171 [UPNP-AliveMessageSender] Sending ALIVE...
DEBUG 2014-02-11 12:24:05.174 [UPNP-AliveMessageSender] Sending ALIVE...
DEBUG 2014-02-11 12:27:05.176 [UPNP-AliveMessageSender] Sending ALIVE...
DEBUG 2014-02-11 12:30:05.179 [UPNP-AliveMessageSender] Sending ALIVE...
DEBUG 2014-02-11 12:33:05.181 [UPNP-AliveMessageSender] Sending ALIVE...
DEBUG 2014-02-11 12:36:05.183 [UPNP-AliveMessageSender] Sending ALIVE...
DEBUG 2014-02-11 12:39:05.185 [UPNP-AliveMessageSender] Sending ALIVE...
DEBUG 2014-02-11 12:42:05.187 [UPNP-AliveMessageSender] Sending ALIVE...
DEBUG 2014-02-11 12:45:05.190 [UPNP-AliveMessageSender] Sending ALIVE...
DEBUG 2014-02-11 12:48:05.192 [UPNP-AliveMessageSender] Sending ALIVE...
DEBUG 2014-02-11 12:51:05.194 [UPNP-AliveMessageSender] Sending ALIVE...
DEBUG 2014-02-11 12:54:05.197 [UPNP-AliveMessageSender] Sending ALIVE...
DEBUG 2014-02-11 12:57:05.199 [UPNP-AliveMessageSender] Sending ALIVE...
DEBUG 2014-02-11 13:00:05.201 [UPNP-AliveMessageSender] Sending ALIVE...
DEBUG 2014-02-11 13:03:05.203 [UPNP-AliveMessageSender] Sending ALIVE...
DEBUG 2014-02-11 13:06:05.205 [UPNP-AliveMessageSender] Sending ALIVE...
DEBUG 2014-02-11 13:09:05.207 [UPNP-AliveMessageSender] Sending ALIVE...
DEBUG 2014-02-11 13:10:28.694 [New I/O worker #4] DLNA changes for Xbox 360
DEBUG 2014-02-11 13:12:05.209 [UPNP-AliveMessageSender] Sending ALIVE...
DEBUG 2014-02-11 13:15:05.212 [UPNP-AliveMessageSender] Sending ALIVE...
DEBUG 2014-02-11 13:18:05.214 [UPNP-AliveMessageSender] Sending ALIVE...
DEBUG 2014-02-11 13:21:05.216 [UPNP-AliveMessageSender] Sending ALIVE...
DEBUG 2014-02-11 13:24:05.219 [UPNP-AliveMessageSender] Sending ALIVE...
DEBUG 2014-02-11 13:27:05.221 [UPNP-AliveMessageSender] Sending ALIVE...
DEBUG 2014-02-11 13:30:05.223 [UPNP-AliveMessageSender] Sending ALIVE...
DEBUG 2014-02-11 13:33:05.226 [UPNP-AliveMessageSender] Sending ALIVE...
DEBUG 2014-02-11 13:36:05.228 [UPNP-AliveMessageSender] Sending ALIVE...
DEBUG 2014-02-11 13:39:05.230 [UPNP-AliveMessageSender] Sending ALIVE...
DEBUG 2014-02-11 13:42:05.232 [UPNP-AliveMessageSender] Sending ALIVE...
DEBUG 2014-02-11 13:45:05.235 [UPNP-AliveMessageSender] Sending ALIVE...
DEBUG 2014-02-11 13:48:05.237 [UPNP-AliveMessageSender] Sending ALIVE...
DEBUG 2014-02-11 13:51:05.239 [UPNP-AliveMessageSender] Sending ALIVE...
DEBUG 2014-02-11 13:54:05.241 [UPNP-AliveMessageSender] Sending ALIVE...
DEBUG 2014-02-11 13:57:05.243 [UPNP-AliveMessageSender] Sending ALIVE...
DEBUG 2014-02-11 14:00:05.244 [UPNP-AliveMessageSender] Sending ALIVE...
DEBUG 2014-02-11 14:03:05.245 [UPNP-AliveMessageSender] Sending ALIVE...
DEBUG 2014-02-11 14:06:05.247 [UPNP-AliveMessageSender] Sending ALIVE...
DEBUG 2014-02-11 14:09:05.249 [UPNP-AliveMessageSender] Sending ALIVE...
DEBUG 2014-02-11 14:12:05.251 [UPNP-AliveMessageSender] Sending ALIVE...
DEBUG 2014-02-11 14:15:05.252 [UPNP-AliveMessageSender] Sending ALIVE...
DEBUG 2014-02-11 14:18:05.254 [UPNP-AliveMessageSender] Sending ALIVE...
DEBUG 2014-02-11 14:21:05.256 [UPNP-AliveMessageSender] Sending ALIVE...
DEBUG 2014-02-11 14:24:05.258 [UPNP-AliveMessageSender] Sending ALIVE...
DEBUG 2014-02-11 14:27:05.276 [UPNP-AliveMessageSender] Sending ALIVE...
DEBUG 2014-02-11 14:30:05.278 [UPNP-AliveMessageSender] Sending ALIVE...
DEBUG 2014-02-11 14:33:05.279 [UPNP-AliveMessageSender] Sending ALIVE...
DEBUG 2014-02-11 14:36:05.280 [UPNP-AliveMessageSender] Sending ALIVE...
DEBUG 2014-02-11 14:39:05.281 [UPNP-AliveMessageSender] Sending ALIVE...
DEBUG 2014-02-11 14:42:05.283 [UPNP-AliveMessageSender] Sending ALIVE...
DEBUG 2014-02-11 14:45:05.291 [UPNP-AliveMessageSender] Sending ALIVE...
DEBUG 2014-02-11 14:48:05.292 [UPNP-AliveMessageSender] Sending ALIVE...
DEBUG 2014-02-11 14:51:05.293 [UPNP-AliveMessageSender] Sending ALIVE...
DEBUG 2014-02-11 14:54:05.294 [UPNP-AliveMessageSender] Sending ALIVE...
DEBUG 2014-02-11 14:57:05.296 [UPNP-AliveMessageSender] Sending ALIVE...
DEBUG 2014-02-11 15:00:05.297 [UPNP-AliveMessageSender] Sending ALIVE...
DEBUG 2014-02-11 15:03:05.298 [UPNP-AliveMessageSender] Sending ALIVE...
DEBUG 2014-02-11 15:06:05.299 [UPNP-AliveMessageSender] Sending ALIVE...
DEBUG 2014-02-11 15:09:05.301 [UPNP-AliveMessageSender] Sending ALIVE...
DEBUG 2014-02-11 15:12:05.303 [UPNP-AliveMessageSender] Sending ALIVE...
DEBUG 2014-02-11 15:15:05.304 [UPNP-AliveMessageSender] Sending ALIVE...
DEBUG 2014-02-11 15:18:05.305 [UPNP-AliveMessageSender] Sending ALIVE...
DEBUG 2014-02-11 15:21:05.306 [UPNP-AliveMessageSender] Sending ALIVE...
DEBUG 2014-02-11 15:24:05.308 [UPNP-AliveMessageSender] Sending ALIVE...
DEBUG 2014-02-11 15:27:05.309 [UPNP-AliveMessageSender] Sending ALIVE...
DEBUG 2014-02-11 15:30:05.310 [UPNP-AliveMessageSender] Sending ALIVE...
DEBUG 2014-02-11 15:33:05.311 [UPNP-AliveMessageSender] Sending ALIVE...
DEBUG 2014-02-11 15:36:05.313 [UPNP-AliveMessageSender] Sending ALIVE...
DEBUG 2014-02-11 15:39:05.316 [UPNP-AliveMessageSender] Sending ALIVE...
DEBUG 2014-02-11 15:42:05.318 [UPNP-AliveMessageSender] Sending ALIVE...
INFO  2014-02-11 15:42:29.004 [UPNPHelper] No IP filter specified, access granted to /192.168.1.95
DEBUG 2014-02-11 15:45:05.320 [UPNP-AliveMessageSender] Sending ALIVE...
DEBUG 2014-02-11 15:48:05.322 [UPNP-AliveMessageSender] Sending ALIVE...
DEBUG 2014-02-11 15:51:05.324 [UPNP-AliveMessageSender] Sending ALIVE...
DEBUG 2014-02-11 15:54:05.326 [UPNP-AliveMessageSender] Sending ALIVE...
DEBUG 2014-02-11 15:57:05.328 [UPNP-AliveMessageSender] Sending ALIVE...
DEBUG 2014-02-11 16:00:05.331 [UPNP-AliveMessageSender] Sending ALIVE...
DEBUG 2014-02-11 16:03:05.333 [UPNP-AliveMessageSender] Sending ALIVE...
DEBUG 2014-02-11 16:06:05.335 [UPNP-AliveMessageSender] Sending ALIVE...
DEBUG 2014-02-11 16:09:05.337 [UPNP-AliveMessageSender] Sending ALIVE...
DEBUG 2014-02-11 16:12:05.339 [UPNP-AliveMessageSender] Sending ALIVE...
DEBUG 2014-02-11 16:15:05.341 [UPNP-AliveMessageSender] Sending ALIVE...
DEBUG 2014-02-11 16:18:05.345 [UPNP-AliveMessageSender] Sending ALIVE...
DEBUG 2014-02-11 16:21:05.347 [UPNP-AliveMessageSender] Sending ALIVE...
DEBUG 2014-02-11 16:24:05.349 [UPNP-AliveMessageSender] Sending ALIVE...
DEBUG 2014-02-11 16:27:05.350 [UPNP-AliveMessageSender] Sending ALIVE...
DEBUG 2014-02-11 16:30:05.435 [UPNP-AliveMessageSender] Sending ALIVE...
DEBUG 2014-02-11 16:33:05.437 [UPNP-AliveMessageSender] Sending ALIVE...
DEBUG 2014-02-11 16:36:05.439 [UPNP-AliveMessageSender] Sending ALIVE...
DEBUG 2014-02-11 16:39:05.441 [UPNP-AliveMessageSender] Sending ALIVE...
DEBUG 2014-02-11 16:42:05.443 [UPNP-AliveMessageSender] Sending ALIVE...
DEBUG 2014-02-11 16:45:05.445 [UPNP-AliveMessageSender] Sending ALIVE...
DEBUG 2014-02-11 16:48:05.447 [UPNP-AliveMessageSender] Sending ALIVE...
DEBUG 2014-02-11 16:51:05.449 [UPNP-AliveMessageSender] Sending ALIVE...
DEBUG 2014-02-11 16:54:05.451 [UPNP-AliveMessageSender] Sending ALIVE...
DEBUG 2014-02-11 16:57:05.454 [UPNP-AliveMessageSender] Sending ALIVE...
DEBUG 2014-02-11 17:00:05.456 [UPNP-AliveMessageSender] Sending ALIVE...
DEBUG 2014-02-11 17:03:05.458 [UPNP-AliveMessageSender] Sending ALIVE...
DEBUG 2014-02-11 17:06:05.460 [UPNP-AliveMessageSender] Sending ALIVE...
DEBUG 2014-02-11 17:09:05.462 [UPNP-AliveMessageSender] Sending ALIVE...
DEBUG 2014-02-11 17:12:05.464 [UPNP-AliveMessageSender] Sending ALIVE...
DEBUG 2014-02-11 17:15:05.466 [UPNP-AliveMessageSender] Sending ALIVE...
DEBUG 2014-02-11 17:18:05.468 [UPNP-AliveMessageSender] Sending ALIVE...
DEBUG 2014-02-11 17:21:05.470 [UPNP-AliveMessageSender] Sending ALIVE...
DEBUG 2014-02-11 17:24:05.472 [UPNP-AliveMessageSender] Sending ALIVE...
DEBUG 2014-02-11 17:27:05.474 [UPNP-AliveMessageSender] Sending ALIVE...
DEBUG 2014-02-11 17:30:05.476 [UPNP-AliveMessageSender] Sending ALIVE...
DEBUG 2014-02-11 17:33:05.479 [UPNP-AliveMessageSender] Sending ALIVE...
DEBUG 2014-02-11 17:36:05.481 [UPNP-AliveMessageSender] Sending ALIVE...
DEBUG 2014-02-11 17:37:27.137 [New I/O worker #2] DLNA changes for Xbox 360
DEBUG 2014-02-11 17:39:05.483 [UPNP-AliveMessageSender] Sending ALIVE...
DEBUG 2014-02-11 17:42:05.486 [UPNP-AliveMessageSender] Sending ALIVE...
DEBUG 2014-02-11 17:45:05.488 [UPNP-AliveMessageSender] Sending ALIVE...
DEBUG 2014-02-11 17:48:05.490 [UPNP-AliveMessageSender] Sending ALIVE...
DEBUG 2014-02-11 17:51:05.492 [UPNP-AliveMessageSender] Sending ALIVE...
DEBUG 2014-02-11 17:54:05.495 [UPNP-AliveMessageSender] Sending ALIVE...
DEBUG 2014-02-11 17:57:05.497 [UPNP-AliveMessageSender] Sending ALIVE...
DEBUG 2014-02-11 18:00:05.499 [UPNP-AliveMessageSender] Sending ALIVE...
DEBUG 2014-02-11 18:03:05.501 [UPNP-AliveMessageSender] Sending ALIVE...
DEBUG 2014-02-11 18:06:05.503 [UPNP-AliveMessageSender] Sending ALIVE...
DEBUG 2014-02-11 18:09:05.505 [UPNP-AliveMessageSender] Sending ALIVE...
DEBUG 2014-02-11 18:12:05.507 [UPNP-AliveMessageSender] Sending ALIVE...
DEBUG 2014-02-11 18:15:05.509 [UPNP-AliveMessageSender] Sending ALIVE...
DEBUG 2014-02-11 18:18:05.511 [UPNP-AliveMessageSender] Sending ALIVE...
DEBUG 2014-02-11 18:21:05.513 [UPNP-AliveMessageSender] Sending ALIVE...
DEBUG 2014-02-11 18:24:05.515 [UPNP-AliveMessageSender] Sending ALIVE...
DEBUG 2014-02-11 18:27:05.517 [UPNP-AliveMessageSender] Sending ALIVE...
DEBUG 2014-02-11 18:30:05.519 [UPNP-AliveMessageSender] Sending ALIVE...
DEBUG 2014-02-11 18:33:05.521 [UPNP-AliveMessageSender] Sending ALIVE...
DEBUG 2014-02-11 18:36:05.523 [UPNP-AliveMessageSender] Sending ALIVE...
DEBUG 2014-02-11 18:39:05.525 [UPNP-AliveMessageSender] Sending ALIVE...
DEBUG 2014-02-11 18:42:05.527 [UPNP-AliveMessageSender] Sending ALIVE...
DEBUG 2014-02-11 18:45:05.529 [UPNP-AliveMessageSender] Sending ALIVE...
DEBUG 2014-02-11 18:48:05.531 [UPNP-AliveMessageSender] Sending ALIVE...
DEBUG 2014-02-11 18:51:05.533 [UPNP-AliveMessageSender] Sending ALIVE...
DEBUG 2014-02-11 18:54:05.535 [UPNP-AliveMessageSender] Sending ALIVE...
DEBUG 2014-02-11 18:57:05.537 [UPNP-AliveMessageSender] Sending ALIVE...
DEBUG 2014-02-11 19:00:05.538 [UPNP-AliveMessageSender] Sending ALIVE...
DEBUG 2014-02-11 19:03:05.540 [UPNP-AliveMessageSender] Sending ALIVE...
DEBUG 2014-02-11 19:06:05.543 [UPNP-AliveMessageSender] Sending ALIVE...
DEBUG 2014-02-11 19:09:05.544 [UPNP-AliveMessageSender] Sending ALIVE...
DEBUG 2014-02-11 19:12:05.546 [UPNP-AliveMessageSender] Sending ALIVE...
DEBUG 2014-02-11 19:15:05.548 [UPNP-AliveMessageSender] Sending ALIVE...
DEBUG 2014-02-11 19:18:05.550 [UPNP-AliveMessageSender] Sending ALIVE...
DEBUG 2014-02-11 19:21:05.552 [UPNP-AliveMessageSender] Sending ALIVE...
DEBUG 2014-02-11 19:24:05.554 [UPNP-AliveMessageSender] Sending ALIVE...
DEBUG 2014-02-11 19:27:05.556 [UPNP-AliveMessageSender] Sending ALIVE...
DEBUG 2014-02-11 19:30:05.558 [UPNP-AliveMessageSender] Sending ALIVE...
DEBUG 2014-02-11 19:33:05.560 [UPNP-AliveMessageSender] Sending ALIVE...
DEBUG 2014-02-11 19:36:05.562 [UPNP-AliveMessageSender] Sending ALIVE...
DEBUG 2014-02-11 19:39:05.564 [UPNP-AliveMessageSender] Sending ALIVE...
DEBUG 2014-02-11 19:42:05.566 [UPNP-AliveMessageSender] Sending ALIVE...
DEBUG 2014-02-11 19:45:05.568 [UPNP-AliveMessageSender] Sending ALIVE...
DEBUG 2014-02-11 19:48:05.569 [UPNP-AliveMessageSender] Sending ALIVE...
DEBUG 2014-02-11 19:51:05.571 [UPNP-AliveMessageSender] Sending ALIVE...
DEBUG 2014-02-11 19:54:05.573 [UPNP-AliveMessageSender] Sending ALIVE...
DEBUG 2014-02-11 19:57:05.575 [UPNP-AliveMessageSender] Sending ALIVE...
DEBUG 2014-02-11 20:00:05.577 [UPNP-AliveMessageSender] Sending ALIVE...
DEBUG 2014-02-11 20:03:05.579 [UPNP-AliveMessageSender] Sending ALIVE...
DEBUG 2014-02-11 20:06:05.581 [UPNP-AliveMessageSender] Sending ALIVE...
DEBUG 2014-02-11 20:09:05.583 [UPNP-AliveMessageSender] Sending ALIVE...
DEBUG 2014-02-11 20:12:05.585 [UPNP-AliveMessageSender] Sending ALIVE...
DEBUG 2014-02-11 20:15:05.587 [UPNP-AliveMessageSender] Sending ALIVE...
DEBUG 2014-02-11 20:18:05.589 [UPNP-AliveMessageSender] Sending ALIVE...
DEBUG 2014-02-11 20:21:05.591 [UPNP-AliveMessageSender] Sending ALIVE...
DEBUG 2014-02-11 20:24:05.593 [UPNP-AliveMessageSender] Sending ALIVE...
DEBUG 2014-02-11 20:27:05.595 [UPNP-AliveMessageSender] Sending ALIVE...
DEBUG 2014-02-11 20:30:05.597 [UPNP-AliveMessageSender] Sending ALIVE...
DEBUG 2014-02-11 20:33:05.599 [UPNP-AliveMessageSender] Sending ALIVE...
DEBUG 2014-02-11 20:36:05.601 [UPNP-AliveMessageSender] Sending ALIVE...
DEBUG 2014-02-11 20:39:05.603 [UPNP-AliveMessageSender] Sending ALIVE...
DEBUG 2014-02-11 20:42:05.605 [UPNP-AliveMessageSender] Sending ALIVE...
DEBUG 2014-02-11 20:45:05.607 [UPNP-AliveMessageSender] Sending ALIVE...
DEBUG 2014-02-11 20:48:05.609 [UPNP-AliveMessageSender] Sending ALIVE...
DEBUG 2014-02-11 20:51:05.611 [UPNP-AliveMessageSender] Sending ALIVE...
DEBUG 2014-02-11 20:54:05.613 [UPNP-AliveMessageSender] Sending ALIVE...
DEBUG 2014-02-11 20:57:05.615 [UPNP-AliveMessageSender] Sending ALIVE...
DEBUG 2014-02-11 21:00:05.616 [UPNP-AliveMessageSender] Sending ALIVE...
DEBUG 2014-02-11 21:03:05.618 [UPNP-AliveMessageSender] Sending ALIVE...
DEBUG 2014-02-11 21:06:05.620 [UPNP-AliveMessageSender] Sending ALIVE...
DEBUG 2014-02-11 21:09:05.622 [UPNP-AliveMessageSender] Sending ALIVE...
DEBUG 2014-02-11 21:12:05.624 [UPNP-AliveMessageSender] Sending ALIVE...
DEBUG 2014-02-11 21:15:05.626 [UPNP-AliveMessageSender] Sending ALIVE...
DEBUG 2014-02-11 21:18:05.628 [UPNP-AliveMessageSender] Sending ALIVE...
DEBUG 2014-02-11 21:21:05.630 [UPNP-AliveMessageSender] Sending ALIVE...
DEBUG 2014-02-11 21:24:05.632 [UPNP-AliveMessageSender] Sending ALIVE...
DEBUG 2014-02-11 21:27:05.634 [UPNP-AliveMessageSender] Sending ALIVE...
DEBUG 2014-02-11 21:30:05.636 [UPNP-AliveMessageSender] Sending ALIVE...
DEBUG 2014-02-11 21:33:05.638 [UPNP-AliveMessageSender] Sending ALIVE...
DEBUG 2014-02-11 21:36:05.640 [UPNP-AliveMessageSender] Sending ALIVE...
DEBUG 2014-02-11 21:39:05.642 [UPNP-AliveMessageSender] Sending ALIVE...
DEBUG 2014-02-11 21:42:05.644 [UPNP-AliveMessageSender] Sending ALIVE...
DEBUG 2014-02-11 21:45:05.646 [UPNP-AliveMessageSender] Sending ALIVE...
DEBUG 2014-02-11 21:48:05.648 [UPNP-AliveMessageSender] Sending ALIVE...
DEBUG 2014-02-11 21:51:05.650 [UPNP-AliveMessageSender] Sending ALIVE...
DEBUG 2014-02-11 21:54:05.652 [UPNP-AliveMessageSender] Sending ALIVE...
DEBUG 2014-02-11 21:57:05.654 [UPNP-AliveMessageSender] Sending ALIVE...
DEBUG 2014-02-11 22:00:05.656 [UPNP-AliveMessageSender] Sending ALIVE...
DEBUG 2014-02-11 22:03:05.658 [UPNP-AliveMessageSender] Sending ALIVE...
DEBUG 2014-02-11 22:06:05.660 [UPNP-AliveMessageSender] Sending ALIVE...
DEBUG 2014-02-11 22:09:05.661 [UPNP-AliveMessageSender] Sending ALIVE...
DEBUG 2014-02-11 22:12:05.664 [UPNP-AliveMessageSender] Sending ALIVE...
DEBUG 2014-02-11 22:15:05.666 [UPNP-AliveMessageSender] Sending ALIVE...
DEBUG 2014-02-11 22:18:05.668 [UPNP-AliveMessageSender] Sending ALIVE...
DEBUG 2014-02-11 22:21:05.670 [UPNP-AliveMessageSender] Sending ALIVE...
DEBUG 2014-02-11 22:24:05.672 [UPNP-AliveMessageSender] Sending ALIVE...
DEBUG 2014-02-11 22:27:05.674 [UPNP-AliveMessageSender] Sending ALIVE...
DEBUG 2014-02-11 22:30:05.676 [UPNP-AliveMessageSender] Sending ALIVE...
DEBUG 2014-02-11 22:33:05.678 [UPNP-AliveMessageSender] Sending ALIVE...
DEBUG 2014-02-11 22:36:05.680 [UPNP-AliveMessageSender] Sending ALIVE...
DEBUG 2014-02-11 22:39:05.681 [UPNP-AliveMessageSender] Sending ALIVE...
DEBUG 2014-02-11 22:42:05.683 [UPNP-AliveMessageSender] Sending ALIVE...
DEBUG 2014-02-11 22:45:05.685 [UPNP-AliveMessageSender] Sending ALIVE...
DEBUG 2014-02-11 22:48:05.687 [UPNP-AliveMessageSender] Sending ALIVE...
DEBUG 2014-02-11 22:51:05.689 [UPNP-AliveMessageSender] Sending ALIVE...
DEBUG 2014-02-11 22:54:05.691 [UPNP-AliveMessageSender] Sending ALIVE...
DEBUG 2014-02-11 22:57:05.693 [UPNP-AliveMessageSender] Sending ALIVE...
DEBUG 2014-02-11 23:00:05.695 [UPNP-AliveMessageSender] Sending ALIVE...
DEBUG 2014-02-11 23:03:05.697 [UPNP-AliveMessageSender] Sending ALIVE...
DEBUG 2014-02-11 23:06:05.699 [UPNP-AliveMessageSender] Sending ALIVE...
DEBUG 2014-02-11 23:09:05.701 [UPNP-AliveMessageSender] Sending ALIVE...
DEBUG 2014-02-11 23:12:05.703 [UPNP-AliveMessageSender] Sending ALIVE...
DEBUG 2014-02-11 23:15:05.705 [UPNP-AliveMessageSender] Sending ALIVE...
DEBUG 2014-02-11 23:18:05.706 [UPNP-AliveMessageSender] Sending ALIVE...
DEBUG 2014-02-11 23:21:05.744 [UPNP-AliveMessageSender] Sending ALIVE...
DEBUG 2014-02-11 23:24:05.746 [UPNP-AliveMessageSender] Sending ALIVE...
DEBUG 2014-02-11 23:27:05.748 [UPNP-AliveMessageSender] Sending ALIVE...
DEBUG 2014-02-11 23:30:05.750 [UPNP-AliveMessageSender] Sending ALIVE...
DEBUG 2014-02-11 23:33:05.752 [UPNP-AliveMessageSender] Sending ALIVE...
DEBUG 2014-02-11 23:36:05.754 [UPNP-AliveMessageSender] Sending ALIVE...
DEBUG 2014-02-11 23:39:05.756 [UPNP-AliveMessageSender] Sending ALIVE...
DEBUG 2014-02-11 23:42:05.758 [UPNP-AliveMessageSender] Sending ALIVE...
DEBUG 2014-02-11 23:45:05.760 [UPNP-AliveMessageSender] Sending ALIVE...
DEBUG 2014-02-11 23:48:05.762 [UPNP-AliveMessageSender] Sending ALIVE...
DEBUG 2014-02-11 23:51:05.764 [UPNP-AliveMessageSender] Sending ALIVE...
DEBUG 2014-02-11 23:54:05.766 [UPNP-AliveMessageSender] Sending ALIVE...
DEBUG 2014-02-11 23:57:05.768 [UPNP-AliveMessageSender] Sending ALIVE...
DEBUG 2014-02-12 00:00:05.770 [UPNP-AliveMessageSender] Sending ALIVE...
DEBUG 2014-02-12 00:03:05.772 [UPNP-AliveMessageSender] Sending ALIVE...
DEBUG 2014-02-12 00:06:05.774 [UPNP-AliveMessageSender] Sending ALIVE...
DEBUG 2014-02-12 00:09:05.776 [UPNP-AliveMessageSender] Sending ALIVE...
DEBUG 2014-02-12 00:12:05.778 [UPNP-AliveMessageSender] Sending ALIVE...
DEBUG 2014-02-12 00:15:05.780 [UPNP-AliveMessageSender] Sending ALIVE...
DEBUG 2014-02-12 00:18:05.782 [UPNP-AliveMessageSender] Sending ALIVE...
DEBUG 2014-02-12 00:21:05.784 [UPNP-AliveMessageSender] Sending ALIVE...
DEBUG 2014-02-12 00:24:05.786 [UPNP-AliveMessageSender] Sending ALIVE...
DEBUG 2014-02-12 00:27:05.788 [UPNP-AliveMessageSender] Sending ALIVE...
DEBUG 2014-02-12 00:30:05.791 [UPNP-AliveMessageSender] Sending ALIVE...
DEBUG 2014-02-12 00:33:05.793 [UPNP-AliveMessageSender] Sending ALIVE...
DEBUG 2014-02-12 00:36:05.795 [UPNP-AliveMessageSender] Sending ALIVE...
DEBUG 2014-02-12 00:39:05.797 [UPNP-AliveMessageSender] Sending ALIVE...
DEBUG 2014-02-12 00:42:05.798 [UPNP-AliveMessageSender] Sending ALIVE...
DEBUG 2014-02-12 00:45:05.800 [UPNP-AliveMessageSender] Sending ALIVE...
DEBUG 2014-02-12 00:48:05.801 [UPNP-AliveMessageSender] Sending ALIVE...
DEBUG 2014-02-12 00:51:05.803 [UPNP-AliveMessageSender] Sending ALIVE...
DEBUG 2014-02-12 00:54:05.804 [UPNP-AliveMessageSender] Sending ALIVE...
DEBUG 2014-02-12 00:57:05.806 [UPNP-AliveMessageSender] Sending ALIVE...
DEBUG 2014-02-12 01:00:05.808 [UPNP-AliveMessageSender] Sending ALIVE...
DEBUG 2014-02-12 01:03:05.810 [UPNP-AliveMessageSender] Sending ALIVE...
DEBUG 2014-02-12 01:06:05.812 [UPNP-AliveMessageSender] Sending ALIVE...
DEBUG 2014-02-12 01:09:05.814 [UPNP-AliveMessageSender] Sending ALIVE...
DEBUG 2014-02-12 01:12:05.816 [UPNP-AliveMessageSender] Sending ALIVE...
DEBUG 2014-02-12 01:15:05.818 [UPNP-AliveMessageSender] Sending ALIVE...
DEBUG 2014-02-12 01:18:05.820 [UPNP-AliveMessageSender] Sending ALIVE...
DEBUG 2014-02-12 01:21:05.822 [UPNP-AliveMessageSender] Sending ALIVE...
DEBUG 2014-02-12 01:24:05.824 [UPNP-AliveMessageSender] Sending ALIVE...
DEBUG 2014-02-12 01:27:05.826 [UPNP-AliveMessageSender] Sending ALIVE...
DEBUG 2014-02-12 01:30:05.827 [UPNP-AliveMessageSender] Sending ALIVE...
DEBUG 2014-02-12 01:33:05.829 [UPNP-AliveMessageSender] Sending ALIVE...
DEBUG 2014-02-12 01:36:05.831 [UPNP-AliveMessageSender] Sending ALIVE...
DEBUG 2014-02-12 01:39:05.833 [UPNP-AliveMessageSender] Sending ALIVE...
DEBUG 2014-02-12 01:42:05.836 [UPNP-AliveMessageSender] Sending ALIVE...
DEBUG 2014-02-12 01:45:05.838 [UPNP-AliveMessageSender] Sending ALIVE...
DEBUG 2014-02-12 01:48:05.840 [UPNP-AliveMessageSender] Sending ALIVE...
DEBUG 2014-02-12 01:51:05.842 [UPNP-AliveMessageSender] Sending ALIVE...
DEBUG 2014-02-12 01:54:05.844 [UPNP-AliveMessageSender] Sending ALIVE...
DEBUG 2014-02-12 01:57:05.846 [UPNP-AliveMessageSender] Sending ALIVE...
DEBUG 2014-02-12 02:00:05.848 [UPNP-AliveMessageSender] Sending ALIVE...
DEBUG 2014-02-12 02:03:05.850 [UPNP-AliveMessageSender] Sending ALIVE...
DEBUG 2014-02-12 02:06:05.851 [UPNP-AliveMessageSender] Sending ALIVE...
DEBUG 2014-02-12 02:09:05.853 [UPNP-AliveMessageSender] Sending ALIVE...
DEBUG 2014-02-12 02:12:05.855 [UPNP-AliveMessageSender] Sending ALIVE...
DEBUG 2014-02-12 02:15:05.857 [UPNP-AliveMessageSender] Sending ALIVE...
DEBUG 2014-02-12 02:18:05.859 [UPNP-AliveMessageSender] Sending ALIVE...
DEBUG 2014-02-12 02:21:05.861 [UPNP-AliveMessageSender] Sending ALIVE...
DEBUG 2014-02-12 02:24:05.863 [UPNP-AliveMessageSender] Sending ALIVE...
DEBUG 2014-02-12 02:27:05.865 [UPNP-AliveMessageSender] Sending ALIVE...
DEBUG 2014-02-12 02:30:05.867 [UPNP-AliveMessageSender] Sending ALIVE...
DEBUG 2014-02-12 02:33:05.869 [UPNP-AliveMessageSender] Sending ALIVE...
DEBUG 2014-02-12 02:36:05.871 [UPNP-AliveMessageSender] Sending ALIVE...
DEBUG 2014-02-12 02:39:05.873 [UPNP-AliveMessageSender] Sending ALIVE...
DEBUG 2014-02-12 02:42:05.875 [UPNP-AliveMessageSender] Sending ALIVE...
DEBUG 2014-02-12 02:45:05.877 [UPNP-AliveMessageSender] Sending ALIVE...
DEBUG 2014-02-12 02:48:05.879 [UPNP-AliveMessageSender] Sending ALIVE...
DEBUG 2014-02-12 02:51:05.880 [UPNP-AliveMessageSender] Sending ALIVE...
DEBUG 2014-02-12 02:54:05.882 [UPNP-AliveMessageSender] Sending ALIVE...
DEBUG 2014-02-12 02:57:05.884 [UPNP-AliveMessageSender] Sending ALIVE...
DEBUG 2014-02-12 03:00:05.886 [UPNP-AliveMessageSender] Sending ALIVE...
DEBUG 2014-02-12 03:03:05.888 [UPNP-AliveMessageSender] Sending ALIVE...
DEBUG 2014-02-12 03:06:05.890 [UPNP-AliveMessageSender] Sending ALIVE...
DEBUG 2014-02-12 03:09:05.892 [UPNP-AliveMessageSender] Sending ALIVE...
DEBUG 2014-02-12 03:12:05.894 [UPNP-AliveMessageSender] Sending ALIVE...
DEBUG 2014-02-12 03:15:05.896 [UPNP-AliveMessageSender] Sending ALIVE...
DEBUG 2014-02-12 03:18:05.898 [UPNP-AliveMessageSender] Sending ALIVE...
DEBUG 2014-02-12 03:21:05.900 [UPNP-AliveMessageSender] Sending ALIVE...
DEBUG 2014-02-12 03:24:05.902 [UPNP-AliveMessageSender] Sending ALIVE...
DEBUG 2014-02-12 03:27:05.904 [UPNP-AliveMessageSender] Sending ALIVE...
DEBUG 2014-02-12 03:30:05.906 [UPNP-AliveMessageSender] Sending ALIVE...
DEBUG 2014-02-12 03:33:05.908 [UPNP-AliveMessageSender] Sending ALIVE...
DEBUG 2014-02-12 03:36:05.910 [UPNP-AliveMessageSender] Sending ALIVE...
DEBUG 2014-02-12 03:39:05.912 [UPNP-AliveMessageSender] Sending ALIVE...
DEBUG 2014-02-12 03:42:05.914 [UPNP-AliveMessageSender] Sending ALIVE...
DEBUG 2014-02-12 03:45:05.916 [UPNP-AliveMessageSender] Sending ALIVE...
DEBUG 2014-02-12 03:48:05.918 [UPNP-AliveMessageSender] Sending ALIVE...
DEBUG 2014-02-12 03:51:05.920 [UPNP-AliveMessageSender] Sending ALIVE...
DEBUG 2014-02-12 03:54:05.922 [UPNP-AliveMessageSender] Sending ALIVE...
DEBUG 2014-02-12 03:57:05.924 [UPNP-AliveMessageSender] Sending ALIVE...
DEBUG 2014-02-12 04:00:05.926 [UPNP-AliveMessageSender] Sending ALIVE...
DEBUG 2014-02-12 04:03:05.928 [UPNP-AliveMessageSender] Sending ALIVE...
DEBUG 2014-02-12 04:06:05.930 [UPNP-AliveMessageSender] Sending ALIVE...
DEBUG 2014-02-12 04:09:05.932 [UPNP-AliveMessageSender] Sending ALIVE...
DEBUG 2014-02-12 04:12:05.934 [UPNP-AliveMessageSender] Sending ALIVE...
DEBUG 2014-02-12 04:15:05.936 [UPNP-AliveMessageSender] Sending ALIVE...
DEBUG 2014-02-12 04:18:05.938 [UPNP-AliveMessageSender] Sending ALIVE...
DEBUG 2014-02-12 04:21:05.940 [UPNP-AliveMessageSender] Sending ALIVE...
DEBUG 2014-02-12 04:24:05.942 [UPNP-AliveMessageSender] Sending ALIVE...
DEBUG 2014-02-12 04:27:05.944 [UPNP-AliveMessageSender] Sending ALIVE...
DEBUG 2014-02-12 04:30:05.945 [UPNP-AliveMessageSender] Sending ALIVE...
DEBUG 2014-02-12 04:33:05.948 [UPNP-AliveMessageSender] Sending ALIVE...
DEBUG 2014-02-12 04:36:05.950 [UPNP-AliveMessageSender] Sending ALIVE...
DEBUG 2014-02-12 04:39:05.952 [UPNP-AliveMessageSender] Sending ALIVE...
DEBUG 2014-02-12 04:42:05.954 [UPNP-AliveMessageSender] Sending ALIVE...
DEBUG 2014-02-12 04:45:05.956 [UPNP-AliveMessageSender] Sending ALIVE...
DEBUG 2014-02-12 04:48:05.958 [UPNP-AliveMessageSender] Sending ALIVE...
DEBUG 2014-02-12 04:51:05.960 [UPNP-AliveMessageSender] Sending ALIVE...
DEBUG 2014-02-12 04:54:05.962 [UPNP-AliveMessageSender] Sending ALIVE...
DEBUG 2014-02-12 04:57:05.964 [UPNP-AliveMessageSender] Sending ALIVE...
DEBUG 2014-02-12 05:00:05.966 [UPNP-AliveMessageSender] Sending ALIVE...
DEBUG 2014-02-12 05:03:05.967 [UPNP-AliveMessageSender] Sending ALIVE...
DEBUG 2014-02-12 05:06:05.969 [UPNP-AliveMessageSender] Sending ALIVE...
DEBUG 2014-02-12 05:09:05.971 [UPNP-AliveMessageSender] Sending ALIVE...
DEBUG 2014-02-12 05:12:05.973 [UPNP-AliveMessageSender] Sending ALIVE...
DEBUG 2014-02-12 05:15:05.975 [UPNP-AliveMessageSender] Sending ALIVE...
DEBUG 2014-02-12 05:18:05.977 [UPNP-AliveMessageSender] Sending ALIVE...
DEBUG 2014-02-12 05:21:05.979 [UPNP-AliveMessageSender] Sending ALIVE...
DEBUG 2014-02-12 05:24:05.981 [UPNP-AliveMessageSender] Sending ALIVE...
DEBUG 2014-02-12 05:27:05.983 [UPNP-AliveMessageSender] Sending ALIVE...
DEBUG 2014-02-12 05:30:05.985 [UPNP-AliveMessageSender] Sending ALIVE...
DEBUG 2014-02-12 05:33:05.987 [UPNP-AliveMessageSender] Sending ALIVE...
DEBUG 2014-02-12 05:36:05.989 [UPNP-AliveMessageSender] Sending ALIVE...
DEBUG 2014-02-12 05:39:05.991 [UPNP-AliveMessageSender] Sending ALIVE...
DEBUG 2014-02-12 05:42:05.993 [UPNP-AliveMessageSender] Sending ALIVE...
DEBUG 2014-02-12 05:45:05.995 [UPNP-AliveMessageSender] Sending ALIVE...
DEBUG 2014-02-12 05:48:05.997 [UPNP-AliveMessageSender] Sending ALIVE...
DEBUG 2014-02-12 05:51:05.999 [UPNP-AliveMessageSender] Sending ALIVE...
DEBUG 2014-02-12 05:54:06.001 [UPNP-AliveMessageSender] Sending ALIVE...
DEBUG 2014-02-12 05:57:06.003 [UPNP-AliveMessageSender] Sending ALIVE...
DEBUG 2014-02-12 06:00:06.005 [UPNP-AliveMessageSender] Sending ALIVE...
DEBUG 2014-02-12 06:03:06.007 [UPNP-AliveMessageSender] Sending ALIVE...
DEBUG 2014-02-12 06:06:06.009 [UPNP-AliveMessageSender] Sending ALIVE...
DEBUG 2014-02-12 06:09:06.011 [UPNP-AliveMessageSender] Sending ALIVE...
DEBUG 2014-02-12 06:12:06.013 [UPNP-AliveMessageSender] Sending ALIVE...
DEBUG 2014-02-12 06:15:06.015 [UPNP-AliveMessageSender] Sending ALIVE...
DEBUG 2014-02-12 06:18:06.017 [UPNP-AliveMessageSender] Sending ALIVE...
DEBUG 2014-02-12 06:21:06.035 [UPNP-AliveMessageSender] Sending ALIVE...
DEBUG 2014-02-12 06:24:06.151 [UPNP-AliveMessageSender] Sending ALIVE...
DEBUG 2014-02-12 06:27:06.153 [UPNP-AliveMessageSender] Sending ALIVE...
DEBUG 2014-02-12 06:30:06.155 [UPNP-AliveMessageSender] Sending ALIVE...
DEBUG 2014-02-12 06:33:06.157 [UPNP-AliveMessageSender] Sending ALIVE...
DEBUG 2014-02-12 06:36:06.159 [UPNP-AliveMessageSender] Sending ALIVE...
DEBUG 2014-02-12 06:39:06.161 [UPNP-AliveMessageSender] Sending ALIVE...
DEBUG 2014-02-12 06:42:06.163 [UPNP-AliveMessageSender] Sending ALIVE...
DEBUG 2014-02-12 06:45:06.165 [UPNP-AliveMessageSender] Sending ALIVE...
DEBUG 2014-02-12 06:48:06.167 [UPNP-AliveMessageSender] Sending ALIVE...
DEBUG 2014-02-12 06:51:06.169 [UPNP-AliveMessageSender] Sending ALIVE...
DEBUG 2014-02-12 06:54:06.171 [UPNP-AliveMessageSender] Sending ALIVE...
DEBUG 2014-02-12 06:57:06.173 [UPNP-AliveMessageSender] Sending ALIVE...
DEBUG 2014-02-12 07:00:06.175 [UPNP-AliveMessageSender] Sending ALIVE...
DEBUG 2014-02-12 07:03:06.177 [UPNP-AliveMessageSender] Sending ALIVE...
DEBUG 2014-02-12 07:06:06.179 [UPNP-AliveMessageSender] Sending ALIVE...
DEBUG 2014-02-12 07:09:06.181 [UPNP-AliveMessageSender] Sending ALIVE...
DEBUG 2014-02-12 07:12:06.183 [UPNP-AliveMessageSender] Sending ALIVE...
DEBUG 2014-02-12 07:15:06.185 [UPNP-AliveMessageSender] Sending ALIVE...
DEBUG 2014-02-12 07:18:06.187 [UPNP-AliveMessageSender] Sending ALIVE...
DEBUG 2014-02-12 07:21:06.189 [UPNP-AliveMessageSender] Sending ALIVE...
DEBUG 2014-02-12 07:24:06.191 [UPNP-AliveMessageSender] Sending ALIVE...
DEBUG 2014-02-12 07:27:06.193 [UPNP-AliveMessageSender] Sending ALIVE...
DEBUG 2014-02-12 07:30:06.195 [UPNP-AliveMessageSender] Sending ALIVE...
DEBUG 2014-02-12 07:33:06.197 [UPNP-AliveMessageSender] Sending ALIVE...
DEBUG 2014-02-12 07:36:06.199 [UPNP-AliveMessageSender] Sending ALIVE...
DEBUG 2014-02-12 07:39:06.200 [UPNP-AliveMessageSender] Sending ALIVE...
DEBUG 2014-02-12 07:42:06.203 [UPNP-AliveMessageSender] Sending ALIVE...
DEBUG 2014-02-12 07:45:06.205 [UPNP-AliveMessageSender] Sending ALIVE...
DEBUG 2014-02-12 07:48:06.206 [UPNP-AliveMessageSender] Sending ALIVE...
DEBUG 2014-02-12 07:51:06.208 [UPNP-AliveMessageSender] Sending ALIVE...
DEBUG 2014-02-12 07:54:06.210 [UPNP-AliveMessageSender] Sending ALIVE...
DEBUG 2014-02-12 07:57:06.212 [UPNP-AliveMessageSender] Sending ALIVE...
DEBUG 2014-02-12 08:00:06.214 [UPNP-AliveMessageSender] Sending ALIVE...
DEBUG 2014-02-12 08:03:06.216 [UPNP-AliveMessageSender] Sending ALIVE...
DEBUG 2014-02-12 08:06:06.218 [UPNP-AliveMessageSender] Sending ALIVE...
DEBUG 2014-02-12 08:09:06.220 [UPNP-AliveMessageSender] Sending ALIVE...
DEBUG 2014-02-12 08:12:06.222 [UPNP-AliveMessageSender] Sending ALIVE...
DEBUG 2014-02-12 08:15:06.224 [UPNP-AliveMessageSender] Sending ALIVE...
DEBUG 2014-02-12 08:18:06.226 [UPNP-AliveMessageSender] Sending ALIVE...
DEBUG 2014-02-12 08:21:06.228 [UPNP-AliveMessageSender] Sending ALIVE...
DEBUG 2014-02-12 08:24:06.230 [UPNP-AliveMessageSender] Sending ALIVE...
DEBUG 2014-02-12 08:27:06.231 [UPNP-AliveMessageSender] Sending ALIVE...
DEBUG 2014-02-12 08:30:06.233 [UPNP-AliveMessageSender] Sending ALIVE...
DEBUG 2014-02-12 08:33:06.235 [UPNP-AliveMessageSender] Sending ALIVE...
DEBUG 2014-02-12 08:36:06.237 [UPNP-AliveMessageSender] Sending ALIVE...
INFO  2014-02-12 08:37:00.579 [UPNPHelper] No IP filter specified, access granted to /169.254.51.60
INFO  2014-02-12 08:37:03.018 [UPNPHelper] No IP filter specified, access granted to /192.168.1.94
INFO  2014-02-12 08:38:34.304 [UPNPHelper] No IP filter specified, access granted to /192.168.1.92
DEBUG 2014-02-12 08:39:06.239 [UPNP-AliveMessageSender] Sending ALIVE...
DEBUG 2014-02-12 08:42:06.241 [UPNP-AliveMessageSender] Sending ALIVE...
DEBUG 2014-02-12 08:45:06.243 [UPNP-AliveMessageSender] Sending ALIVE...
DEBUG 2014-02-12 08:48:06.245 [UPNP-AliveMessageSender] Sending ALIVE...
DEBUG 2014-02-12 08:51:06.247 [UPNP-AliveMessageSender] Sending ALIVE...
DEBUG 2014-02-12 08:54:06.249 [UPNP-AliveMessageSender] Sending ALIVE...
DEBUG 2014-02-12 08:57:06.251 [UPNP-AliveMessageSender] Sending ALIVE...
DEBUG 2014-02-12 09:00:06.253 [UPNP-AliveMessageSender] Sending ALIVE...
DEBUG 2014-02-12 09:03:06.255 [UPNP-AliveMessageSender] Sending ALIVE...
DEBUG 2014-02-12 09:06:06.257 [UPNP-AliveMessageSender] Sending ALIVE...
DEBUG 2014-02-12 09:09:06.259 [UPNP-AliveMessageSender] Sending ALIVE...
DEBUG 2014-02-12 09:12:06.260 [UPNP-AliveMessageSender] Sending ALIVE...
DEBUG 2014-02-12 09:15:06.262 [UPNP-AliveMessageSender] Sending ALIVE...
DEBUG 2014-02-12 09:18:06.264 [UPNP-AliveMessageSender] Sending ALIVE...
DEBUG 2014-02-12 09:21:06.266 [UPNP-AliveMessageSender] Sending ALIVE...
DEBUG 2014-02-12 09:24:06.268 [UPNP-AliveMessageSender] Sending ALIVE...
DEBUG 2014-02-12 09:27:06.270 [UPNP-AliveMessageSender] Sending ALIVE...
DEBUG 2014-02-12 09:30:06.272 [UPNP-AliveMessageSender] Sending ALIVE...
DEBUG 2014-02-12 09:33:06.274 [UPNP-AliveMessageSender] Sending ALIVE...
DEBUG 2014-02-12 09:36:06.276 [UPNP-AliveMessageSender] Sending ALIVE...
DEBUG 2014-02-12 09:39:06.278 [UPNP-AliveMessageSender] Sending ALIVE...
DEBUG 2014-02-12 09:42:06.280 [UPNP-AliveMessageSender] Sending ALIVE...
DEBUG 2014-02-12 09:45:06.282 [UPNP-AliveMessageSender] Sending ALIVE...
DEBUG 2014-02-12 09:48:06.284 [UPNP-AliveMessageSender] Sending ALIVE...
DEBUG 2014-02-12 09:51:06.286 [UPNP-AliveMessageSender] Sending ALIVE...
DEBUG 2014-02-12 09:54:06.288 [UPNP-AliveMessageSender] Sending ALIVE...
DEBUG 2014-02-12 09:57:06.290 [UPNP-AliveMessageSender] Sending ALIVE...
DEBUG 2014-02-12 10:00:06.292 [UPNP-AliveMessageSender] Sending ALIVE...
DEBUG 2014-02-12 10:03:06.294 [UPNP-AliveMessageSender] Sending ALIVE...
DEBUG 2014-02-12 10:06:06.296 [UPNP-AliveMessageSender] Sending ALIVE...
DEBUG 2014-02-12 10:09:06.298 [UPNP-AliveMessageSender] Sending ALIVE...
DEBUG 2014-02-12 10:12:06.300 [UPNP-AliveMessageSender] Sending ALIVE...
DEBUG 2014-02-12 10:15:06.302 [UPNP-AliveMessageSender] Sending ALIVE...
DEBUG 2014-02-12 10:18:06.304 [UPNP-AliveMessageSender] Sending ALIVE...
DEBUG 2014-02-12 10:21:06.306 [UPNP-AliveMessageSender] Sending ALIVE...
DEBUG 2014-02-12 10:24:06.307 [UPNP-AliveMessageSender] Sending ALIVE...
DEBUG 2014-02-12 10:27:06.309 [UPNP-AliveMessageSender] Sending ALIVE...
DEBUG 2014-02-12 10:30:06.311 [UPNP-AliveMessageSender] Sending ALIVE...
DEBUG 2014-02-12 10:33:06.313 [UPNP-AliveMessageSender] Sending ALIVE...
DEBUG 2014-02-12 10:36:06.315 [UPNP-AliveMessageSender] Sending ALIVE...
DEBUG 2014-02-12 10:39:06.317 [UPNP-AliveMessageSender] Sending ALIVE...
DEBUG 2014-02-12 10:42:06.319 [UPNP-AliveMessageSender] Sending ALIVE...
DEBUG 2014-02-12 10:45:06.321 [UPNP-AliveMessageSender] Sending ALIVE...
DEBUG 2014-02-12 10:48:06.323 [UPNP-AliveMessageSender] Sending ALIVE...
DEBUG 2014-02-12 10:51:06.325 [UPNP-AliveMessageSender] Sending ALIVE...
DEBUG 2014-02-12 10:54:06.327 [UPNP-AliveMessageSender] Sending ALIVE...
DEBUG 2014-02-12 10:57:06.329 [UPNP-AliveMessageSender] Sending ALIVE...
DEBUG 2014-02-12 11:00:06.332 [UPNP-AliveMessageSender] Sending ALIVE...
DEBUG 2014-02-12 11:03:06.334 [UPNP-AliveMessageSender] Sending ALIVE...
DEBUG 2014-02-12 11:06:06.336 [UPNP-AliveMessageSender] Sending ALIVE...
DEBUG 2014-02-12 11:09:06.338 [UPNP-AliveMessageSender] Sending ALIVE...
DEBUG 2014-02-12 11:12:06.340 [UPNP-AliveMessageSender] Sending ALIVE...
DEBUG 2014-02-12 11:15:06.342 [UPNP-AliveMessageSender] Sending ALIVE...
DEBUG 2014-02-12 11:18:06.345 [UPNP-AliveMessageSender] Sending ALIVE...
DEBUG 2014-02-12 11:21:06.347 [UPNP-AliveMessageSender] Sending ALIVE...
DEBUG 2014-02-12 11:24:06.349 [UPNP-AliveMessageSender] Sending ALIVE...
DEBUG 2014-02-12 11:27:06.350 [UPNP-AliveMessageSender] Sending ALIVE...
DEBUG 2014-02-12 11:30:06.352 [UPNP-AliveMessageSender] Sending ALIVE...
DEBUG 2014-02-12 11:33:06.355 [UPNP-AliveMessageSender] Sending ALIVE...
DEBUG 2014-02-12 11:36:06.356 [UPNP-AliveMessageSender] Sending ALIVE...
DEBUG 2014-02-12 11:39:06.358 [UPNP-AliveMessageSender] Sending ALIVE...
DEBUG 2014-02-12 11:42:06.360 [UPNP-AliveMessageSender] Sending ALIVE...
DEBUG 2014-02-12 11:45:06.362 [UPNP-AliveMessageSender] Sending ALIVE...
DEBUG 2014-02-12 11:48:06.364 [UPNP-AliveMessageSender] Sending ALIVE...
DEBUG 2014-02-12 11:48:44.871 [New I/O worker #4] DLNA changes for Xbox 360
DEBUG 2014-02-12 11:50:44.972 [New I/O worker #1] DLNA changes for Xbox 360
DEBUG 2014-02-12 11:51:06.366 [UPNP-AliveMessageSender] Sending ALIVE...
DEBUG 2014-02-12 11:54:06.368 [UPNP-AliveMessageSender] Sending ALIVE...
DEBUG 2014-02-12 11:57:06.370 [UPNP-AliveMessageSender] Sending ALIVE...
DEBUG 2014-02-12 11:58:59.966 [New I/O worker #1] DLNA changes for Xbox 360
DEBUG 2014-02-12 12:00:06.372 [UPNP-AliveMessageSender] Sending ALIVE...
DEBUG 2014-02-12 12:02:47.126 [New I/O worker #3] DLNA changes for Xbox 360
DEBUG 2014-02-12 12:03:06.374 [UPNP-AliveMessageSender] Sending ALIVE...
DEBUG 2014-02-12 12:06:06.376 [UPNP-AliveMessageSender] Sending ALIVE...
DEBUG 2014-02-12 12:09:06.378 [UPNP-AliveMessageSender] Sending ALIVE...
DEBUG 2014-02-12 12:10:09.965 [New I/O worker #4] DLNA changes for Xbox 360
DEBUG 2014-02-12 12:12:06.380 [UPNP-AliveMessageSender] Sending ALIVE...
DEBUG 2014-02-12 12:12:23.966 [New I/O worker #1] DLNA changes for Xbox 360
DEBUG 2014-02-12 12:15:06.382 [UPNP-AliveMessageSender] Sending ALIVE...
DEBUG 2014-02-12 12:18:06.384 [UPNP-AliveMessageSender] Sending ALIVE...
DEBUG 2014-02-12 12:21:06.386 [UPNP-AliveMessageSender] Sending ALIVE...
DEBUG 2014-02-12 12:24:06.388 [UPNP-AliveMessageSender] Sending ALIVE...
DEBUG 2014-02-12 12:27:06.390 [UPNP-AliveMessageSender] Sending ALIVE...
DEBUG 2014-02-12 12:30:06.392 [UPNP-AliveMessageSender] Sending ALIVE...
DEBUG 2014-02-12 12:33:06.394 [UPNP-AliveMessageSender] Sending ALIVE...
DEBUG 2014-02-12 12:36:06.396 [UPNP-AliveMessageSender] Sending ALIVE...
DEBUG 2014-02-12 12:39:06.398 [UPNP-AliveMessageSender] Sending ALIVE...
DEBUG 2014-02-12 12:42:06.400 [UPNP-AliveMessageSender] Sending ALIVE...
DEBUG 2014-02-12 12:45:06.402 [UPNP-AliveMessageSender] Sending ALIVE...
DEBUG 2014-02-12 12:48:06.404 [UPNP-AliveMessageSender] Sending ALIVE...
DEBUG 2014-02-12 12:51:06.406 [UPNP-AliveMessageSender] Sending ALIVE...
DEBUG 2014-02-12 12:54:06.408 [UPNP-AliveMessageSender] Sending ALIVE...
DEBUG 2014-02-12 12:57:06.410 [UPNP-AliveMessageSender] Sending ALIVE...
DEBUG 2014-02-12 13:00:06.412 [UPNP-AliveMessageSender] Sending ALIVE...
DEBUG 2014-02-12 13:03:06.414 [UPNP-AliveMessageSender] Sending ALIVE...
DEBUG 2014-02-12 13:06:06.416 [UPNP-AliveMessageSender] Sending ALIVE...
DEBUG 2014-02-12 13:09:06.418 [UPNP-AliveMessageSender] Sending ALIVE...
DEBUG 2014-02-12 13:12:06.420 [UPNP-AliveMessageSender] Sending ALIVE...
DEBUG 2014-02-12 13:15:06.422 [UPNP-AliveMessageSender] Sending ALIVE...
DEBUG 2014-02-12 13:18:06.424 [UPNP-AliveMessageSender] Sending ALIVE...
DEBUG 2014-02-12 13:21:06.426 [UPNP-AliveMessageSender] Sending ALIVE...
DEBUG 2014-02-12 13:24:06.428 [UPNP-AliveMessageSender] Sending ALIVE...
DEBUG 2014-02-12 13:27:06.430 [UPNP-AliveMessageSender] Sending ALIVE...
DEBUG 2014-02-12 13:30:06.432 [UPNP-AliveMessageSender] Sending ALIVE...
DEBUG 2014-02-12 13:33:06.434 [UPNP-AliveMessageSender] Sending ALIVE...
DEBUG 2014-02-12 13:36:06.436 [UPNP-AliveMessageSender] Sending ALIVE...
DEBUG 2014-02-12 13:39:06.438 [UPNP-AliveMessageSender] Sending ALIVE...
DEBUG 2014-02-12 13:42:06.440 [UPNP-AliveMessageSender] Sending ALIVE...
DEBUG 2014-02-12 13:45:06.442 [UPNP-AliveMessageSender] Sending ALIVE...
DEBUG 2014-02-12 13:48:06.444 [UPNP-AliveMessageSender] Sending ALIVE...
DEBUG 2014-02-12 13:51:06.445 [UPNP-AliveMessageSender] Sending ALIVE...
DEBUG 2014-02-12 13:54:06.447 [UPNP-AliveMessageSender] Sending ALIVE...
DEBUG 2014-02-12 13:57:06.449 [UPNP-AliveMessageSender] Sending ALIVE...
DEBUG 2014-02-12 14:00:06.452 [UPNP-AliveMessageSender] Sending ALIVE...
DEBUG 2014-02-12 14:03:06.454 [UPNP-AliveMessageSender] Sending ALIVE...
DEBUG 2014-02-12 14:06:06.456 [UPNP-AliveMessageSender] Sending ALIVE...
DEBUG 2014-02-12 14:09:06.458 [UPNP-AliveMessageSender] Sending ALIVE...
DEBUG 2014-02-12 14:12:06.460 [UPNP-AliveMessageSender] Sending ALIVE...
DEBUG 2014-02-12 14:15:06.462 [UPNP-AliveMessageSender] Sending ALIVE...
DEBUG 2014-02-12 14:18:02.227 [UPNP-AliveMessageSender] Sending ALIVE...
INFO  2014-02-12 14:18:02.226 [PMS Listeners Stopper] Sending BYEBYE...
DEBUG 2014-02-12 14:18:03.962 [PMS Listeners Stopper] Forcing shutdown of all active processes
INFO  2014-02-12 14:18:03.962 [PMS Listeners Stopper] Stopping server on host 192.168.1.120 and port 5001...
